<?xml version="1.0" encoding="UTF-8"?>
<coverage generated="1498149607317" clover="3.2.0">
  <project timestamp="1498149607317" name="All files">
    <metrics statements="242" coveredstatements="184" conditionals="59" coveredconditionals="32" methods="96" coveredmethods="78" elements="397" coveredelements="294" complexity="0" loc="242" ncloc="242" packages="7" files="19" classes="19">
      <package name="src.AppDispatcher">
        <metrics statements="1" coveredstatements="1" conditionals="0" coveredconditionals="0" methods="0" coveredmethods="0"/>
        <file name="AppDispatcher.jsx" path="/Users/andeladeveloper/Desktop/Projeects/checkpoints/checkpoint1/d0-checkpoint1-newsapp/src/AppDispatcher/AppDispatcher.jsx">
          <metrics statements="1" coveredstatements="1" conditionals="0" coveredconditionals="0" methods="0" coveredmethods="0"/>
          <line num="4" count="9" type="stmt"/>
        </file>
      </package>
      <package name="src.actions">
        <metrics statements="12" coveredstatements="12" conditionals="0" coveredconditionals="0" methods="6" coveredmethods="6"/>
        <file name="AuthActions.jsx" path="/Users/andeladeveloper/Desktop/Projeects/checkpoints/checkpoint1/d0-checkpoint1-newsapp/src/actions/AuthActions.jsx">
          <metrics statements="5" coveredstatements="5" conditionals="0" coveredconditionals="0" methods="2" coveredmethods="2"/>
          <line num="4" count="6" type="stmt"/>
          <line num="7" count="1" type="stmt"/>
          <line num="11" count="1" type="stmt"/>
          <line num="15" count="2" type="stmt"/>
          <line num="18" count="2" type="stmt"/>
        </file>
        <file name="NewsActions.jsx" path="/Users/andeladeveloper/Desktop/Projeects/checkpoints/checkpoint1/d0-checkpoint1-newsapp/src/actions/NewsActions.jsx">
          <metrics statements="7" coveredstatements="7" conditionals="0" coveredconditionals="0" methods="4" coveredmethods="4"/>
          <line num="8" count="1" type="stmt"/>
          <line num="15" count="5" type="stmt"/>
          <line num="18" count="1" type="stmt"/>
          <line num="24" count="2" type="stmt"/>
          <line num="33" count="6" type="stmt"/>
          <line num="36" count="1" type="stmt"/>
          <line num="42" count="3" type="stmt"/>
        </file>
      </package>
      <package name="src.component">
        <metrics statements="141" coveredstatements="100" conditionals="36" coveredconditionals="18" methods="59" coveredmethods="42"/>
        <file name="Articles.jsx" path="/Users/andeladeveloper/Desktop/Projeects/checkpoints/checkpoint1/d0-checkpoint1-newsapp/src/component/Articles.jsx">
          <metrics statements="29" coveredstatements="19" conditionals="6" coveredconditionals="3" methods="12" coveredmethods="7"/>
          <line num="15" count="1" type="stmt"/>
          <line num="17" count="1" type="stmt"/>
          <line num="18" count="1" type="stmt"/>
          <line num="31" count="4" type="stmt"/>
          <line num="32" count="4" type="stmt"/>
          <line num="40" count="4" type="stmt"/>
          <line num="41" count="4" type="stmt"/>
          <line num="50" count="4" type="stmt"/>
          <line num="60" count="0" type="stmt"/>
          <line num="70" count="1" type="stmt"/>
          <line num="71" count="1" type="stmt"/>
          <line num="72" count="1" type="stmt"/>
          <line num="81" count="1" type="stmt"/>
          <line num="89" count="0" type="stmt"/>
          <line num="100" count="1" type="stmt"/>
          <line num="111" count="0" type="stmt"/>
          <line num="112" count="0" type="stmt"/>
          <line num="124" count="7" type="stmt"/>
          <line num="125" count="7" type="stmt"/>
          <line num="126" count="5" type="cond" truecount="1" falsecount="1"/>
          <line num="127" count="0" type="stmt"/>
          <line num="128" count="0" type="cond" truecount="0" falsecount="2"/>
          <line num="129" count="0" type="stmt"/>
          <line num="132" count="0" type="stmt"/>
          <line num="134" count="5" type="stmt"/>
          <line num="153" count="0" type="stmt"/>
          <line num="172" count="7" type="stmt"/>
          <line num="191" count="0" type="stmt"/>
          <line num="209" count="1" type="stmt"/>
        </file>
        <file name="FavoriteNews.jsx" path="/Users/andeladeveloper/Desktop/Projeects/checkpoints/checkpoint1/d0-checkpoint1-newsapp/src/component/FavoriteNews.jsx">
          <metrics statements="46" coveredstatements="30" conditionals="18" coveredconditionals="9" methods="15" coveredmethods="11"/>
          <line num="12" count="1" type="stmt"/>
          <line num="14" count="1" type="stmt"/>
          <line num="15" count="1" type="stmt"/>
          <line num="28" count="6" type="stmt"/>
          <line num="29" count="6" type="stmt"/>
          <line num="34" count="6" type="stmt"/>
          <line num="43" count="6" type="stmt"/>
          <line num="54" count="5" type="cond" truecount="1" falsecount="1"/>
          <line num="55" count="5" type="stmt"/>
          <line num="64" count="1" type="stmt"/>
          <line num="65" count="1" type="stmt"/>
          <line num="66" count="1" type="stmt"/>
          <line num="67" count="1" type="stmt"/>
          <line num="68" count="0" type="cond" truecount="0" falsecount="2"/>
          <line num="69" count="0" type="stmt"/>
          <line num="72" count="1" type="cond" truecount="1" falsecount="1"/>
          <line num="73" count="0" type="stmt"/>
          <line num="74" count="0" type="stmt"/>
          <line num="75" count="0" type="stmt"/>
          <line num="76" count="0" type="stmt"/>
          <line num="88" count="0" type="stmt"/>
          <line num="98" count="1" type="cond" truecount="1" falsecount="1"/>
          <line num="99" count="1" type="stmt"/>
          <line num="100" count="1" type="stmt"/>
          <line num="102" count="0" type="stmt"/>
          <line num="103" count="0" type="stmt"/>
          <line num="114" count="1" type="cond" truecount="2" falsecount="0"/>
          <line num="123" count="1" type="stmt"/>
          <line num="132" count="1" type="stmt"/>
          <line num="144" count="7" type="stmt"/>
          <line num="145" count="7" type="stmt"/>
          <line num="146" count="7" type="cond" truecount="2" falsecount="0"/>
          <line num="147" count="1" type="stmt"/>
          <line num="148" count="5" type="cond" truecount="1" falsecount="1"/>
          <line num="149" count="0" type="stmt"/>
          <line num="150" count="0" type="cond" truecount="0" falsecount="2"/>
          <line num="151" count="0" type="stmt"/>
          <line num="153" count="0" type="stmt"/>
          <line num="155" count="5" type="stmt"/>
          <line num="167" count="0" type="stmt"/>
          <line num="172" count="6" type="stmt"/>
          <line num="175" count="7" type="stmt"/>
          <line num="181" count="0" type="stmt"/>
          <line num="186" count="5" type="stmt"/>
          <line num="212" count="0" type="stmt"/>
          <line num="224" count="1" type="stmt"/>
        </file>
        <file name="Footer.jsx" path="/Users/andeladeveloper/Desktop/Projeects/checkpoints/checkpoint1/d0-checkpoint1-newsapp/src/component/Footer.jsx">
          <metrics statements="2" coveredstatements="2" conditionals="0" coveredconditionals="0" methods="1" coveredmethods="1"/>
          <line num="4" count="3" type="stmt"/>
          <line num="5" count="12" type="stmt"/>
        </file>
        <file name="Header.jsx" path="/Users/andeladeveloper/Desktop/Projeects/checkpoints/checkpoint1/d0-checkpoint1-newsapp/src/component/Header.jsx">
          <metrics statements="10" coveredstatements="8" conditionals="0" coveredconditionals="0" methods="7" coveredmethods="5"/>
          <line num="17" count="13" type="stmt"/>
          <line num="18" count="13" type="stmt"/>
          <line num="30" count="1" type="stmt"/>
          <line num="31" count="1" type="stmt"/>
          <line num="39" count="1" type="stmt"/>
          <line num="47" count="1" type="stmt"/>
          <line num="55" count="17" type="stmt"/>
          <line num="65" count="0" type="stmt"/>
          <line num="66" count="0" type="stmt"/>
          <line num="96" count="4" type="stmt"/>
        </file>
        <file name="Loader.jsx" path="/Users/andeladeveloper/Desktop/Projeects/checkpoints/checkpoint1/d0-checkpoint1-newsapp/src/component/Loader.jsx">
          <metrics statements="4" coveredstatements="4" conditionals="0" coveredconditionals="0" methods="1" coveredmethods="1"/>
          <line num="4" count="3" type="stmt"/>
          <line num="5" count="3" type="stmt"/>
          <line num="11" count="3" type="stmt"/>
          <line num="12" count="8" type="stmt"/>
        </file>
        <file name="Login.jsx" path="/Users/andeladeveloper/Desktop/Projeects/checkpoints/checkpoint1/d0-checkpoint1-newsapp/src/component/Login.jsx">
          <metrics statements="12" coveredstatements="6" conditionals="2" coveredconditionals="1" methods="6" coveredmethods="3"/>
          <line num="19" count="5" type="stmt"/>
          <line num="20" count="5" type="stmt"/>
          <line num="21" count="5" type="stmt"/>
          <line num="33" count="5" type="cond" truecount="1" falsecount="1"/>
          <line num="34" count="0" type="stmt"/>
          <line num="44" count="0" type="stmt"/>
          <line num="45" count="0" type="stmt"/>
          <line num="46" count="0" type="stmt"/>
          <line num="49" count="0" type="stmt"/>
          <line num="57" count="5" type="stmt"/>
          <line num="65" count="0" type="stmt"/>
          <line num="91" count="1" type="stmt"/>
        </file>
        <file name="NoPageFound.jsx" path="/Users/andeladeveloper/Desktop/Projeects/checkpoints/checkpoint1/d0-checkpoint1-newsapp/src/component/NoPageFound.jsx">
          <metrics statements="1" coveredstatements="1" conditionals="0" coveredconditionals="0" methods="1" coveredmethods="1"/>
          <line num="14" count="1" type="stmt"/>
        </file>
        <file name="SearchBar.jsx" path="/Users/andeladeveloper/Desktop/Projeects/checkpoints/checkpoint1/d0-checkpoint1-newsapp/src/component/SearchBar.jsx">
          <metrics statements="5" coveredstatements="4" conditionals="0" coveredconditionals="0" methods="3" coveredmethods="2"/>
          <line num="15" count="9" type="stmt"/>
          <line num="16" count="9" type="stmt"/>
          <line num="25" count="0" type="stmt"/>
          <line num="33" count="13" type="stmt"/>
          <line num="47" count="4" type="stmt"/>
        </file>
        <file name="SortHeading.jsx" path="/Users/andeladeveloper/Desktop/Projeects/checkpoints/checkpoint1/d0-checkpoint1-newsapp/src/component/SortHeading.jsx">
          <metrics statements="8" coveredstatements="8" conditionals="2" coveredconditionals="1" methods="3" coveredmethods="3"/>
          <line num="15" count="3" type="stmt"/>
          <line num="16" count="3" type="stmt"/>
          <line num="26" count="3" type="stmt"/>
          <line num="27" count="3" type="cond" truecount="1" falsecount="1"/>
          <line num="28" count="3" type="stmt"/>
          <line num="29" count="6" type="stmt"/>
          <line num="39" count="3" type="stmt"/>
          <line num="52" count="2" type="stmt"/>
        </file>
        <file name="Sources.jsx" path="/Users/andeladeveloper/Desktop/Projeects/checkpoints/checkpoint1/d0-checkpoint1-newsapp/src/component/Sources.jsx">
          <metrics statements="24" coveredstatements="18" conditionals="8" coveredconditionals="4" methods="10" coveredmethods="8"/>
          <line num="24" count="4" type="stmt"/>
          <line num="25" count="4" type="stmt"/>
          <line num="32" count="4" type="stmt"/>
          <line num="33" count="4" type="stmt"/>
          <line num="34" count="4" type="cond" truecount="1" falsecount="1"/>
          <line num="35" count="4" type="stmt"/>
          <line num="45" count="4" type="stmt"/>
          <line num="54" count="3" type="stmt"/>
          <line num="62" count="1" type="stmt"/>
          <line num="70" count="4" type="stmt"/>
          <line num="81" count="0" type="stmt"/>
          <line num="92" count="1" type="stmt"/>
          <line num="93" count="1" type="stmt"/>
          <line num="101" count="9" type="stmt"/>
          <line num="102" count="9" type="stmt"/>
          <line num="103" count="2" type="cond" truecount="1" falsecount="1"/>
          <line num="104" count="0" type="stmt"/>
          <line num="105" count="0" type="cond" truecount="0" falsecount="2"/>
          <line num="106" count="0" type="stmt"/>
          <line num="108" count="0" type="stmt"/>
          <line num="110" count="2" type="stmt"/>
          <line num="111" count="0" type="stmt"/>
          <line num="123" count="9" type="stmt"/>
          <line num="152" count="1" type="stmt"/>
        </file>
      </package>
      <package name="src.constants">
        <metrics statements="0" coveredstatements="0" conditionals="0" coveredconditionals="0" methods="0" coveredmethods="0"/>
        <file name="AppConstants.jsx" path="/Users/andeladeveloper/Desktop/Projeects/checkpoints/checkpoint1/d0-checkpoint1-newsapp/src/constants/AppConstants.jsx">
          <metrics statements="0" coveredstatements="0" conditionals="0" coveredconditionals="0" methods="0" coveredmethods="0"/>
        </file>
      </package>
      <package name="src.stores">
        <metrics statements="65" coveredstatements="49" conditionals="21" coveredconditionals="13" methods="19" coveredmethods="19"/>
        <file name="AuthStore.jsx" path="/Users/andeladeveloper/Desktop/Projeects/checkpoints/checkpoint1/d0-checkpoint1-newsapp/src/stores/AuthStore.jsx">
          <metrics statements="27" coveredstatements="23" conditionals="11" coveredconditionals="9" methods="9" coveredmethods="9"/>
          <line num="6" count="7" type="stmt"/>
          <line num="15" count="1" type="cond" truecount="1" falsecount="1"/>
          <line num="16" count="0" type="stmt"/>
          <line num="25" count="2" type="stmt"/>
          <line num="39" count="2" type="stmt"/>
          <line num="48" count="1" type="stmt"/>
          <line num="57" count="1" type="stmt"/>
          <line num="65" count="20" type="cond" truecount="2" falsecount="0"/>
          <line num="66" count="1" type="stmt"/>
          <line num="68" count="19" type="stmt"/>
          <line num="76" count="18" type="cond" truecount="2" falsecount="0"/>
          <line num="77" count="1" type="stmt"/>
          <line num="78" count="1" type="stmt"/>
          <line num="80" count="17" type="stmt"/>
          <line num="88" count="48" type="cond" truecount="2" falsecount="0"/>
          <line num="89" count="4" type="stmt"/>
          <line num="90" count="4" type="stmt"/>
          <line num="92" count="44" type="stmt"/>
          <line num="97" count="7" type="stmt"/>
          <line num="100" count="7" type="stmt"/>
          <line num="101" count="6" type="cond" truecount="2" falsecount="1"/>
          <line num="103" count="0" type="stmt"/>
          <line num="104" count="0" type="stmt"/>
          <line num="105" count="0" type="stmt"/>
          <line num="108" count="1" type="stmt"/>
          <line num="109" count="1" type="stmt"/>
          <line num="110" count="1" type="stmt"/>
        </file>
        <file name="NewsStore.jsx" path="/Users/andeladeveloper/Desktop/Projeects/checkpoints/checkpoint1/d0-checkpoint1-newsapp/src/stores/NewsStore.jsx">
          <metrics statements="38" coveredstatements="26" conditionals="10" coveredconditionals="4" methods="10" coveredmethods="10"/>
          <line num="6" count="4" type="stmt"/>
          <line num="8" count="4" type="stmt"/>
          <line num="9" count="4" type="stmt"/>
          <line num="17" count="1" type="stmt"/>
          <line num="18" count="1" type="cond" truecount="1" falsecount="1"/>
          <line num="19" count="0" type="stmt"/>
          <line num="20" count="0" type="stmt"/>
          <line num="22" count="1" type="stmt"/>
          <line num="24" count="1" type="stmt"/>
          <line num="25" count="1" type="stmt"/>
          <line num="34" count="1" type="stmt"/>
          <line num="43" count="3" type="stmt"/>
          <line num="58" count="6" type="stmt"/>
          <line num="67" count="4" type="stmt"/>
          <line num="76" count="3" type="stmt"/>
          <line num="84" count="5" type="stmt"/>
          <line num="92" count="1" type="stmt"/>
          <line num="100" count="9" type="cond" truecount="1" falsecount="1"/>
          <line num="101" count="0" type="stmt"/>
          <line num="103" count="9" type="stmt"/>
          <line num="104" count="9" type="stmt"/>
          <line num="110" count="4" type="stmt"/>
          <line num="113" count="4" type="stmt"/>
          <line num="114" count="5" type="cond" truecount="2" falsecount="4"/>
          <line num="116" count="0" type="stmt"/>
          <line num="117" count="0" type="stmt"/>
          <line num="118" count="0" type="stmt"/>
          <line num="121" count="0" type="stmt"/>
          <line num="122" count="0" type="stmt"/>
          <line num="123" count="0" type="stmt"/>
          <line num="126" count="0" type="stmt"/>
          <line num="127" count="0" type="stmt"/>
          <line num="128" count="0" type="stmt"/>
          <line num="131" count="2" type="stmt"/>
          <line num="132" count="2" type="stmt"/>
          <line num="135" count="3" type="stmt"/>
          <line num="136" count="3" type="stmt"/>
          <line num="137" count="3" type="stmt"/>
        </file>
      </package>
      <package name="src.utils">
        <metrics statements="8" coveredstatements="8" conditionals="2" coveredconditionals="1" methods="7" coveredmethods="7"/>
        <file name="NewsAPI.jsx" path="/Users/andeladeveloper/Desktop/Projeects/checkpoints/checkpoint1/d0-checkpoint1-newsapp/src/utils/NewsAPI.jsx">
          <metrics statements="8" coveredstatements="8" conditionals="2" coveredconditionals="1" methods="7" coveredmethods="7"/>
          <line num="11" count="5" type="stmt"/>
          <line num="12" count="5" type="stmt"/>
          <line num="14" count="1" type="stmt"/>
          <line num="17" count="2" type="cond" truecount="1" falsecount="1"/>
          <line num="28" count="6" type="stmt"/>
          <line num="29" count="6" type="stmt"/>
          <line num="31" count="1" type="stmt"/>
          <line num="34" count="3" type="stmt"/>
        </file>
      </package>
      <package name="test.mock">
        <metrics statements="15" coveredstatements="14" conditionals="0" coveredconditionals="0" methods="5" coveredmethods="4"/>
        <file name="mock.js" path="/Users/andeladeveloper/Desktop/Projeects/checkpoints/checkpoint1/d0-checkpoint1-newsapp/test/mock/mock.js">
          <metrics statements="7" coveredstatements="7" conditionals="0" coveredconditionals="0" methods="0" coveredmethods="0"/>
          <line num="1" count="7" type="stmt"/>
          <line num="5" count="7" type="stmt"/>
          <line num="11" count="7" type="stmt"/>
          <line num="13" count="7" type="stmt"/>
          <line num="19" count="7" type="stmt"/>
          <line num="28" count="7" type="stmt"/>
          <line num="35" count="7" type="stmt"/>
        </file>
        <file name="test_helper.js" path="/Users/andeladeveloper/Desktop/Projeects/checkpoints/checkpoint1/d0-checkpoint1-newsapp/test/mock/test_helper.js">
          <metrics statements="8" coveredstatements="7" conditionals="0" coveredconditionals="0" methods="5" coveredmethods="4"/>
          <line num="1" count="11" type="stmt"/>
          <line num="2" count="11" type="stmt"/>
          <line num="3" count="11" type="stmt"/>
          <line num="5" count="125" type="stmt"/>
          <line num="8" count="19" type="stmt"/>
          <line num="11" count="0" type="stmt"/>
          <line num="14" count="7" type="stmt"/>
          <line num="18" count="11" type="stmt"/>
        </file>
      </package>
    </metrics>
  </project>
</coverage>
