{"/Users/andeladeveloper/Desktop/Projeects/checkpoints/checkpoint1/d0-checkpoint1-newsapp/src/AppDispatcher/AppDispatcher.jsx": {"path":"/Users/andeladeveloper/Desktop/Projeects/checkpoints/checkpoint1/d0-checkpoint1-newsapp/src/AppDispatcher/AppDispatcher.jsx","statementMap":{"0":{"start":{"line":4,"column":22},"end":{"line":4,"column":38}}},"fnMap":{},"branchMap":{},"s":{"0":9},"f":{},"b":{},"_coverageSchema":"332fd63041d2c1bcb487cc26dd0d5f7d97098a6c","hash":"63983775cf3c56a2bc74911339d804ef124aadc0"}
,"/Users/andeladeveloper/Desktop/Projeects/checkpoints/checkpoint1/d0-checkpoint1-newsapp/src/actions/AuthActions.jsx": {"path":"/Users/andeladeveloper/Desktop/Projeects/checkpoints/checkpoint1/d0-checkpoint1-newsapp/src/actions/AuthActions.jsx","statementMap":{"0":{"start":{"line":4,"column":20},"end":{"line":20,"column":1}},"1":{"start":{"line":7,"column":4},"end":{"line":10,"column":7}},"2":{"start":{"line":11,"column":4},"end":{"line":11,"column":16}},"3":{"start":{"line":15,"column":4},"end":{"line":17,"column":7}},"4":{"start":{"line":18,"column":4},"end":{"line":18,"column":16}}},"fnMap":{"0":{"name":"(anonymous_0)","decl":{"start":{"line":6,"column":13},"end":{"line":6,"column":14}},"loc":{"start":{"line":6,"column":26},"end":{"line":12,"column":3}},"line":6},"1":{"name":"(anonymous_1)","decl":{"start":{"line":14,"column":14},"end":{"line":14,"column":15}},"loc":{"start":{"line":14,"column":20},"end":{"line":19,"column":3}},"line":14}},"branchMap":{},"s":{"0":6,"1":1,"2":1,"3":2,"4":2},"f":{"0":1,"1":2},"b":{},"_coverageSchema":"332fd63041d2c1bcb487cc26dd0d5f7d97098a6c","hash":"8b65770c3ec14582a4df7638086903ab6f1419ec"}
,"/Users/andeladeveloper/Desktop/Projeects/checkpoints/checkpoint1/d0-checkpoint1-newsapp/src/actions/NewsActions.jsx": {"path":"/Users/andeladeveloper/Desktop/Projeects/checkpoints/checkpoint1/d0-checkpoint1-newsapp/src/actions/NewsActions.jsx","statementMap":{"0":{"start":{"line":8,"column":4},"end":{"line":11,"column":7}},"1":{"start":{"line":15,"column":4},"end":{"line":28,"column":7}},"2":{"start":{"line":18,"column":6},"end":{"line":21,"column":9}},"3":{"start":{"line":24,"column":6},"end":{"line":27,"column":9}},"4":{"start":{"line":33,"column":4},"end":{"line":46,"column":7}},"5":{"start":{"line":36,"column":6},"end":{"line":39,"column":9}},"6":{"start":{"line":42,"column":6},"end":{"line":45,"column":9}}},"fnMap":{"0":{"name":"(anonymous_0)","decl":{"start":{"line":17,"column":10},"end":{"line":17,"column":11}},"loc":{"start":{"line":17,"column":19},"end":{"line":22,"column":5}},"line":17},"1":{"name":"(anonymous_1)","decl":{"start":{"line":23,"column":11},"end":{"line":23,"column":12}},"loc":{"start":{"line":23,"column":20},"end":{"line":28,"column":5}},"line":23},"2":{"name":"(anonymous_2)","decl":{"start":{"line":35,"column":10},"end":{"line":35,"column":11}},"loc":{"start":{"line":35,"column":24},"end":{"line":40,"column":5}},"line":35},"3":{"name":"(anonymous_3)","decl":{"start":{"line":41,"column":11},"end":{"line":41,"column":12}},"loc":{"start":{"line":41,"column":20},"end":{"line":46,"column":5}},"line":41}},"branchMap":{},"s":{"0":1,"1":5,"2":1,"3":2,"4":6,"5":1,"6":3},"f":{"0":1,"1":2,"2":1,"3":3},"b":{},"_coverageSchema":"332fd63041d2c1bcb487cc26dd0d5f7d97098a6c","hash":"1a54476df8d7b21e10ba6ab26d7f379537df0993"}
,"/Users/andeladeveloper/Desktop/Projeects/checkpoints/checkpoint1/d0-checkpoint1-newsapp/src/component/Articles.jsx": {"path":"/Users/andeladeveloper/Desktop/Projeects/checkpoints/checkpoint1/d0-checkpoint1-newsapp/src/component/Articles.jsx","statementMap":{"0":{"start":{"line":15,"column":52},"end":{"line":15,"column":64}},"1":{"start":{"line":17,"column":21},"end":{"line":17,"column":50}},"2":{"start":{"line":18,"column":20},"end":{"line":18,"column":48}},"3":{"start":{"line":31,"column":4},"end":{"line":31,"column":17}},"4":{"start":{"line":32,"column":4},"end":{"line":39,"column":6}},"5":{"start":{"line":40,"column":4},"end":{"line":40,"column":55}},"6":{"start":{"line":41,"column":4},"end":{"line":41,"column":45}},"7":{"start":{"line":50,"column":4},"end":{"line":50,"column":68}},"8":{"start":{"line":60,"column":4},"end":{"line":60,"column":47}},"9":{"start":{"line":70,"column":20},"end":{"line":70,"column":58}},"10":{"start":{"line":71,"column":17},"end":{"line":71,"column":27}},"11":{"start":{"line":72,"column":4},"end":{"line":72,"column":70}},"12":{"start":{"line":81,"column":4},"end":{"line":81,"column":50}},"13":{"start":{"line":89,"column":4},"end":{"line":91,"column":7}},"14":{"start":{"line":100,"column":4},"end":{"line":102,"column":7}},"15":{"start":{"line":111,"column":4},"end":{"line":111,"column":33}},"16":{"start":{"line":112,"column":4},"end":{"line":116,"column":7}},"17":{"start":{"line":124,"column":16},"end":{"line":124,"column":17}},"18":{"start":{"line":125,"column":21},"end":{"line":170,"column":6}},"19":{"start":{"line":126,"column":6},"end":{"line":133,"column":7}},"20":{"start":{"line":127,"column":8},"end":{"line":127,"column":19}},"21":{"start":{"line":128,"column":8},"end":{"line":131,"column":9}},"22":{"start":{"line":129,"column":10},"end":{"line":130,"column":46}},"23":{"start":{"line":132,"column":8},"end":{"line":132,"column":18}},"24":{"start":{"line":134,"column":6},"end":{"line":169,"column":8}},"25":{"start":{"line":153,"column":29},"end":{"line":153,"column":53}},"26":{"start":{"line":172,"column":4},"end":{"line":205,"column":6}},"27":{"start":{"line":191,"column":42},"end":{"line":191,"column":54}},"28":{"start":{"line":209,"column":0},"end":{"line":213,"column":2}}},"fnMap":{"0":{"name":"(anonymous_0)","decl":{"start":{"line":30,"column":2},"end":{"line":30,"column":3}},"loc":{"start":{"line":30,"column":21},"end":{"line":42,"column":3}},"line":30},"1":{"name":"(anonymous_1)","decl":{"start":{"line":49,"column":2},"end":{"line":49,"column":3}},"loc":{"start":{"line":49,"column":23},"end":{"line":51,"column":3}},"line":49},"2":{"name":"(anonymous_2)","decl":{"start":{"line":59,"column":2},"end":{"line":59,"column":3}},"loc":{"start":{"line":59,"column":22},"end":{"line":61,"column":3}},"line":59},"3":{"name":"(anonymous_3)","decl":{"start":{"line":69,"column":2},"end":{"line":69,"column":3}},"loc":{"start":{"line":69,"column":39},"end":{"line":73,"column":3}},"line":69},"4":{"name":"(anonymous_4)","decl":{"start":{"line":80,"column":2},"end":{"line":80,"column":3}},"loc":{"start":{"line":80,"column":25},"end":{"line":82,"column":3}},"line":80},"5":{"name":"(anonymous_5)","decl":{"start":{"line":88,"column":2},"end":{"line":88,"column":3}},"loc":{"start":{"line":88,"column":13},"end":{"line":92,"column":3}},"line":88},"6":{"name":"(anonymous_6)","decl":{"start":{"line":99,"column":2},"end":{"line":99,"column":3}},"loc":{"start":{"line":99,"column":28},"end":{"line":103,"column":3}},"line":99},"7":{"name":"(anonymous_7)","decl":{"start":{"line":110,"column":2},"end":{"line":110,"column":3}},"loc":{"start":{"line":110,"column":19},"end":{"line":117,"column":3}},"line":110},"8":{"name":"(anonymous_8)","decl":{"start":{"line":123,"column":2},"end":{"line":123,"column":3}},"loc":{"start":{"line":123,"column":11},"end":{"line":206,"column":3}},"line":123},"9":{"name":"(anonymous_9)","decl":{"start":{"line":125,"column":50},"end":{"line":125,"column":51}},"loc":{"start":{"line":125,"column":62},"end":{"line":170,"column":5}},"line":125},"10":{"name":"(anonymous_10)","decl":{"start":{"line":153,"column":23},"end":{"line":153,"column":24}},"loc":{"start":{"line":153,"column":29},"end":{"line":153,"column":53}},"line":153},"11":{"name":"(anonymous_11)","decl":{"start":{"line":191,"column":37},"end":{"line":191,"column":38}},"loc":{"start":{"line":191,"column":42},"end":{"line":191,"column":54}},"line":191}},"branchMap":{"0":{"loc":{"start":{"line":126,"column":6},"end":{"line":133,"column":7}},"type":"if","locations":[{"start":{"line":126,"column":6},"end":{"line":133,"column":7}},{"start":{"line":126,"column":6},"end":{"line":133,"column":7}}],"line":126},"1":{"loc":{"start":{"line":128,"column":8},"end":{"line":131,"column":9}},"type":"if","locations":[{"start":{"line":128,"column":8},"end":{"line":131,"column":9}},{"start":{"line":128,"column":8},"end":{"line":131,"column":9}}],"line":128},"2":{"loc":{"start":{"line":195,"column":24},"end":{"line":195,"column":68}},"type":"cond-expr","locations":[{"start":{"line":195,"column":46},"end":{"line":195,"column":54}},{"start":{"line":195,"column":57},"end":{"line":195,"column":68}}],"line":195}},"s":{"0":1,"1":1,"2":1,"3":4,"4":4,"5":4,"6":4,"7":4,"8":0,"9":1,"10":1,"11":1,"12":1,"13":0,"14":1,"15":0,"16":0,"17":7,"18":7,"19":5,"20":0,"21":0,"22":0,"23":0,"24":5,"25":0,"26":7,"27":0,"28":1},"f":{"0":4,"1":4,"2":0,"3":1,"4":1,"5":0,"6":1,"7":0,"8":7,"9":5,"10":0,"11":0},"b":{"0":[0,5],"1":[0,0],"2":[1,6]},"_coverageSchema":"332fd63041d2c1bcb487cc26dd0d5f7d97098a6c","hash":"e63df4fe5faa92130a3eb88f046575952cf51df0"}
,"/Users/andeladeveloper/Desktop/Projeects/checkpoints/checkpoint1/d0-checkpoint1-newsapp/src/component/FavoriteNews.jsx": {"path":"/Users/andeladeveloper/Desktop/Projeects/checkpoints/checkpoint1/d0-checkpoint1-newsapp/src/component/FavoriteNews.jsx","statementMap":{"0":{"start":{"line":12,"column":52},"end":{"line":12,"column":64}},"1":{"start":{"line":14,"column":21},"end":{"line":14,"column":50}},"2":{"start":{"line":15,"column":20},"end":{"line":15,"column":48}},"3":{"start":{"line":28,"column":4},"end":{"line":28,"column":12}},"4":{"start":{"line":29,"column":4},"end":{"line":33,"column":6}},"5":{"start":{"line":34,"column":4},"end":{"line":34,"column":59}},"6":{"start":{"line":43,"column":4},"end":{"line":45,"column":7}},"7":{"start":{"line":54,"column":4},"end":{"line":56,"column":5}},"8":{"start":{"line":55,"column":6},"end":{"line":55,"column":40}},"9":{"start":{"line":64,"column":20},"end":{"line":64,"column":78}},"10":{"start":{"line":65,"column":22},"end":{"line":65,"column":24}},"11":{"start":{"line":66,"column":21},"end":{"line":66,"column":48}},"12":{"start":{"line":67,"column":4},"end":{"line":71,"column":5}},"13":{"start":{"line":68,"column":6},"end":{"line":70,"column":7}},"14":{"start":{"line":69,"column":8},"end":{"line":69,"column":25}},"15":{"start":{"line":72,"column":4},"end":{"line":79,"column":5}},"16":{"start":{"line":73,"column":6},"end":{"line":73,"column":53}},"17":{"start":{"line":74,"column":6},"end":{"line":74,"column":56}},"18":{"start":{"line":75,"column":6},"end":{"line":75,"column":82}},"19":{"start":{"line":76,"column":6},"end":{"line":78,"column":9}},"20":{"start":{"line":88,"column":4},"end":{"line":90,"column":7}},"21":{"start":{"line":98,"column":4},"end":{"line":101,"column":5}},"22":{"start":{"line":99,"column":6},"end":{"line":99,"column":47}},"23":{"start":{"line":100,"column":6},"end":{"line":100,"column":13}},"24":{"start":{"line":102,"column":4},"end":{"line":102,"column":54}},"25":{"start":{"line":103,"column":4},"end":{"line":105,"column":7}},"26":{"start":{"line":114,"column":4},"end":{"line":114,"column":51}},"27":{"start":{"line":123,"column":4},"end":{"line":123,"column":76}},"28":{"start":{"line":132,"column":4},"end":{"line":136,"column":7}},"29":{"start":{"line":144,"column":19},"end":{"line":144,"column":21}},"30":{"start":{"line":145,"column":16},"end":{"line":145,"column":17}},"31":{"start":{"line":146,"column":4},"end":{"line":173,"column":5}},"32":{"start":{"line":147,"column":6},"end":{"line":170,"column":9}},"33":{"start":{"line":148,"column":8},"end":{"line":154,"column":9}},"34":{"start":{"line":149,"column":10},"end":{"line":149,"column":21}},"35":{"start":{"line":150,"column":10},"end":{"line":152,"column":11}},"36":{"start":{"line":151,"column":12},"end":{"line":151,"column":97}},"37":{"start":{"line":153,"column":10},"end":{"line":153,"column":20}},"38":{"start":{"line":155,"column":8},"end":{"line":169,"column":10}},"39":{"start":{"line":167,"column":63},"end":{"line":167,"column":86}},"40":{"start":{"line":172,"column":6},"end":{"line":172,"column":36}},"41":{"start":{"line":175,"column":4},"end":{"line":220,"column":6}},"42":{"start":{"line":181,"column":72},"end":{"line":181,"column":88}},"43":{"start":{"line":186,"column":40},"end":{"line":186,"column":52}},"44":{"start":{"line":212,"column":39},"end":{"line":212,"column":60}},"45":{"start":{"line":224,"column":0},"end":{"line":226,"column":2}}},"fnMap":{"0":{"name":"(anonymous_0)","decl":{"start":{"line":27,"column":2},"end":{"line":27,"column":3}},"loc":{"start":{"line":27,"column":16},"end":{"line":35,"column":3}},"line":27},"1":{"name":"(anonymous_1)","decl":{"start":{"line":42,"column":2},"end":{"line":42,"column":3}},"loc":{"start":{"line":42,"column":23},"end":{"line":46,"column":3}},"line":42},"2":{"name":"(anonymous_2)","decl":{"start":{"line":53,"column":2},"end":{"line":53,"column":3}},"loc":{"start":{"line":53,"column":22},"end":{"line":57,"column":3}},"line":53},"3":{"name":"(anonymous_3)","decl":{"start":{"line":63,"column":2},"end":{"line":63,"column":3}},"loc":{"start":{"line":63,"column":19},"end":{"line":80,"column":3}},"line":63},"4":{"name":"(anonymous_4)","decl":{"start":{"line":87,"column":2},"end":{"line":87,"column":3}},"loc":{"start":{"line":87,"column":34},"end":{"line":91,"column":3}},"line":87},"5":{"name":"(anonymous_5)","decl":{"start":{"line":97,"column":2},"end":{"line":97,"column":3}},"loc":{"start":{"line":97,"column":14},"end":{"line":106,"column":3}},"line":97},"6":{"name":"(anonymous_6)","decl":{"start":{"line":113,"column":2},"end":{"line":113,"column":3}},"loc":{"start":{"line":113,"column":18},"end":{"line":115,"column":3}},"line":113},"7":{"name":"(anonymous_7)","decl":{"start":{"line":122,"column":2},"end":{"line":122,"column":3}},"loc":{"start":{"line":122,"column":25},"end":{"line":124,"column":3}},"line":122},"8":{"name":"(anonymous_8)","decl":{"start":{"line":131,"column":2},"end":{"line":131,"column":3}},"loc":{"start":{"line":131,"column":17},"end":{"line":137,"column":3}},"line":131},"9":{"name":"(anonymous_9)","decl":{"start":{"line":143,"column":2},"end":{"line":143,"column":3}},"loc":{"start":{"line":143,"column":11},"end":{"line":221,"column":3}},"line":143},"10":{"name":"(anonymous_10)","decl":{"start":{"line":147,"column":45},"end":{"line":147,"column":46}},"loc":{"start":{"line":147,"column":54},"end":{"line":170,"column":7}},"line":147},"11":{"name":"(anonymous_11)","decl":{"start":{"line":167,"column":57},"end":{"line":167,"column":58}},"loc":{"start":{"line":167,"column":63},"end":{"line":167,"column":86}},"line":167},"12":{"name":"(anonymous_12)","decl":{"start":{"line":181,"column":66},"end":{"line":181,"column":67}},"loc":{"start":{"line":181,"column":72},"end":{"line":181,"column":88}},"line":181},"13":{"name":"(anonymous_13)","decl":{"start":{"line":186,"column":35},"end":{"line":186,"column":36}},"loc":{"start":{"line":186,"column":40},"end":{"line":186,"column":52}},"line":186},"14":{"name":"(anonymous_14)","decl":{"start":{"line":212,"column":33},"end":{"line":212,"column":34}},"loc":{"start":{"line":212,"column":39},"end":{"line":212,"column":60}},"line":212}},"branchMap":{"0":{"loc":{"start":{"line":54,"column":4},"end":{"line":56,"column":5}},"type":"if","locations":[{"start":{"line":54,"column":4},"end":{"line":56,"column":5}},{"start":{"line":54,"column":4},"end":{"line":56,"column":5}}],"line":54},"1":{"loc":{"start":{"line":68,"column":6},"end":{"line":70,"column":7}},"type":"if","locations":[{"start":{"line":68,"column":6},"end":{"line":70,"column":7}},{"start":{"line":68,"column":6},"end":{"line":70,"column":7}}],"line":68},"2":{"loc":{"start":{"line":72,"column":4},"end":{"line":79,"column":5}},"type":"if","locations":[{"start":{"line":72,"column":4},"end":{"line":79,"column":5}},{"start":{"line":72,"column":4},"end":{"line":79,"column":5}}],"line":72},"3":{"loc":{"start":{"line":98,"column":4},"end":{"line":101,"column":5}},"type":"if","locations":[{"start":{"line":98,"column":4},"end":{"line":101,"column":5}},{"start":{"line":98,"column":4},"end":{"line":101,"column":5}}],"line":98},"4":{"loc":{"start":{"line":114,"column":11},"end":{"line":114,"column":50}},"type":"binary-expr","locations":[{"start":{"line":114,"column":11},"end":{"line":114,"column":21}},{"start":{"line":114,"column":25},"end":{"line":114,"column":50}}],"line":114},"5":{"loc":{"start":{"line":146,"column":4},"end":{"line":173,"column":5}},"type":"if","locations":[{"start":{"line":146,"column":4},"end":{"line":173,"column":5}},{"start":{"line":146,"column":4},"end":{"line":173,"column":5}}],"line":146},"6":{"loc":{"start":{"line":148,"column":8},"end":{"line":154,"column":9}},"type":"if","locations":[{"start":{"line":148,"column":8},"end":{"line":154,"column":9}},{"start":{"line":148,"column":8},"end":{"line":154,"column":9}}],"line":148},"7":{"loc":{"start":{"line":150,"column":10},"end":{"line":152,"column":11}},"type":"if","locations":[{"start":{"line":150,"column":10},"end":{"line":152,"column":11}},{"start":{"line":150,"column":10},"end":{"line":152,"column":11}}],"line":150},"8":{"loc":{"start":{"line":193,"column":23},"end":{"line":193,"column":74}},"type":"cond-expr","locations":[{"start":{"line":193,"column":45},"end":{"line":193,"column":53}},{"start":{"line":193,"column":56},"end":{"line":193,"column":74}}],"line":193}},"s":{"0":1,"1":1,"2":1,"3":6,"4":6,"5":6,"6":6,"7":5,"8":5,"9":1,"10":1,"11":1,"12":1,"13":0,"14":0,"15":1,"16":0,"17":0,"18":0,"19":0,"20":0,"21":1,"22":1,"23":1,"24":0,"25":0,"26":1,"27":1,"28":1,"29":7,"30":7,"31":7,"32":1,"33":5,"34":0,"35":0,"36":0,"37":0,"38":5,"39":0,"40":6,"41":7,"42":0,"43":5,"44":0,"45":1},"f":{"0":6,"1":6,"2":5,"3":1,"4":0,"5":1,"6":1,"7":1,"8":1,"9":7,"10":5,"11":0,"12":0,"13":5,"14":0},"b":{"0":[5,0],"1":[0,0],"2":[0,1],"3":[1,0],"4":[1,1],"5":[1,6],"6":[0,5],"7":[0,0],"8":[7,0]},"_coverageSchema":"332fd63041d2c1bcb487cc26dd0d5f7d97098a6c","hash":"186a312907a6327e5a020fae8a896ef2ce74d059"}
,"/Users/andeladeveloper/Desktop/Projeects/checkpoints/checkpoint1/d0-checkpoint1-newsapp/src/component/Footer.jsx": {"path":"/Users/andeladeveloper/Desktop/Projeects/checkpoints/checkpoint1/d0-checkpoint1-newsapp/src/component/Footer.jsx","statementMap":{"0":{"start":{"line":4,"column":15},"end":{"line":17,"column":1}},"1":{"start":{"line":5,"column":2},"end":{"line":16,"column":12}}},"fnMap":{"0":{"name":"(anonymous_0)","decl":{"start":{"line":4,"column":15},"end":{"line":4,"column":16}},"loc":{"start":{"line":4,"column":21},"end":{"line":17,"column":1}},"line":4}},"branchMap":{},"s":{"0":3,"1":12},"f":{"0":12},"b":{},"_coverageSchema":"332fd63041d2c1bcb487cc26dd0d5f7d97098a6c","hash":"03822e0256909cbcb2a0d1a364f5eff3dec46a45"}
,"/Users/andeladeveloper/Desktop/Projeects/checkpoints/checkpoint1/d0-checkpoint1-newsapp/src/component/Header.jsx": {"path":"/Users/andeladeveloper/Desktop/Projeects/checkpoints/checkpoint1/d0-checkpoint1-newsapp/src/component/Header.jsx","statementMap":{"0":{"start":{"line":17,"column":4},"end":{"line":17,"column":17}},"1":{"start":{"line":18,"column":4},"end":{"line":21,"column":6}},"2":{"start":{"line":30,"column":4},"end":{"line":30,"column":29}},"3":{"start":{"line":31,"column":4},"end":{"line":31,"column":38}},"4":{"start":{"line":39,"column":4},"end":{"line":39,"column":33}},"5":{"start":{"line":47,"column":4},"end":{"line":47,"column":41}},"6":{"start":{"line":55,"column":4},"end":{"line":93,"column":14}},"7":{"start":{"line":65,"column":64},"end":{"line":65,"column":82}},"8":{"start":{"line":66,"column":64},"end":{"line":66,"column":83}},"9":{"start":{"line":96,"column":0},"end":{"line":98,"column":2}}},"fnMap":{"0":{"name":"(anonymous_0)","decl":{"start":{"line":16,"column":2},"end":{"line":16,"column":3}},"loc":{"start":{"line":16,"column":21},"end":{"line":22,"column":3}},"line":16},"1":{"name":"(anonymous_1)","decl":{"start":{"line":29,"column":2},"end":{"line":29,"column":3}},"loc":{"start":{"line":29,"column":12},"end":{"line":32,"column":3}},"line":29},"2":{"name":"(anonymous_2)","decl":{"start":{"line":38,"column":2},"end":{"line":38,"column":3}},"loc":{"start":{"line":38,"column":16},"end":{"line":40,"column":3}},"line":38},"3":{"name":"(anonymous_3)","decl":{"start":{"line":46,"column":2},"end":{"line":46,"column":3}},"loc":{"start":{"line":46,"column":17},"end":{"line":48,"column":3}},"line":46},"4":{"name":"(anonymous_4)","decl":{"start":{"line":54,"column":2},"end":{"line":54,"column":3}},"loc":{"start":{"line":54,"column":11},"end":{"line":94,"column":3}},"line":54},"5":{"name":"(anonymous_5)","decl":{"start":{"line":65,"column":58},"end":{"line":65,"column":59}},"loc":{"start":{"line":65,"column":64},"end":{"line":65,"column":82}},"line":65},"6":{"name":"(anonymous_6)","decl":{"start":{"line":66,"column":58},"end":{"line":66,"column":59}},"loc":{"start":{"line":66,"column":64},"end":{"line":66,"column":83}},"line":66}},"branchMap":{},"s":{"0":13,"1":13,"2":1,"3":1,"4":1,"5":1,"6":17,"7":0,"8":0,"9":4},"f":{"0":13,"1":1,"2":1,"3":1,"4":17,"5":0,"6":0},"b":{},"_coverageSchema":"332fd63041d2c1bcb487cc26dd0d5f7d97098a6c","hash":"1204e285c25dc342a7fa3c23d7d5d4bddf811577"}
,"/Users/andeladeveloper/Desktop/Projeects/checkpoints/checkpoint1/d0-checkpoint1-newsapp/src/component/Loader.jsx": {"path":"/Users/andeladeveloper/Desktop/Projeects/checkpoints/checkpoint1/d0-checkpoint1-newsapp/src/component/Loader.jsx","statementMap":{"0":{"start":{"line":4,"column":14},"end":{"line":4,"column":23}},"1":{"start":{"line":5,"column":13},"end":{"line":5,"column":30}},"2":{"start":{"line":11,"column":15},"end":{"line":13,"column":1}},"3":{"start":{"line":12,"column":2},"end":{"line":12,"column":59}}},"fnMap":{"0":{"name":"(anonymous_0)","decl":{"start":{"line":11,"column":15},"end":{"line":11,"column":16}},"loc":{"start":{"line":12,"column":2},"end":{"line":12,"column":59}},"line":12}},"branchMap":{},"s":{"0":3,"1":3,"2":3,"3":8},"f":{"0":8},"b":{},"_coverageSchema":"332fd63041d2c1bcb487cc26dd0d5f7d97098a6c","hash":"5e59b90ade42c7c94c9e1ae0b605cc58767a0e97"}
,"/Users/andeladeveloper/Desktop/Projeects/checkpoints/checkpoint1/d0-checkpoint1-newsapp/src/component/Login.jsx": {"path":"/Users/andeladeveloper/Desktop/Projeects/checkpoints/checkpoint1/d0-checkpoint1-newsapp/src/component/Login.jsx","statementMap":{"0":{"start":{"line":19,"column":4},"end":{"line":19,"column":17}},"1":{"start":{"line":20,"column":4},"end":{"line":20,"column":47}},"2":{"start":{"line":21,"column":4},"end":{"line":24,"column":6}},"3":{"start":{"line":33,"column":4},"end":{"line":35,"column":5}},"4":{"start":{"line":34,"column":6},"end":{"line":34,"column":35}},"5":{"start":{"line":44,"column":4},"end":{"line":44,"column":59}},"6":{"start":{"line":45,"column":4},"end":{"line":45,"column":47}},"7":{"start":{"line":46,"column":4},"end":{"line":48,"column":7}},"8":{"start":{"line":49,"column":4},"end":{"line":49,"column":33}},"9":{"start":{"line":57,"column":4},"end":{"line":87,"column":6}},"10":{"start":{"line":65,"column":36},"end":{"line":65,"column":48}},"11":{"start":{"line":91,"column":0},"end":{"line":93,"column":2}}},"fnMap":{"0":{"name":"(anonymous_0)","decl":{"start":{"line":18,"column":2},"end":{"line":18,"column":3}},"loc":{"start":{"line":18,"column":21},"end":{"line":25,"column":3}},"line":18},"1":{"name":"(anonymous_1)","decl":{"start":{"line":32,"column":2},"end":{"line":32,"column":3}},"loc":{"start":{"line":32,"column":23},"end":{"line":36,"column":3}},"line":32},"2":{"name":"(anonymous_2)","decl":{"start":{"line":43,"column":2},"end":{"line":43,"column":3}},"loc":{"start":{"line":43,"column":22},"end":{"line":50,"column":3}},"line":43},"3":{"name":"(anonymous_3)","decl":{"start":{"line":46,"column":39},"end":{"line":46,"column":40}},"loc":{"start":{"line":46,"column":45},"end":{"line":48,"column":5}},"line":46},"4":{"name":"(anonymous_4)","decl":{"start":{"line":56,"column":2},"end":{"line":56,"column":3}},"loc":{"start":{"line":56,"column":11},"end":{"line":88,"column":3}},"line":56},"5":{"name":"(anonymous_5)","decl":{"start":{"line":65,"column":31},"end":{"line":65,"column":32}},"loc":{"start":{"line":65,"column":36},"end":{"line":65,"column":48}},"line":65}},"branchMap":{"0":{"loc":{"start":{"line":33,"column":4},"end":{"line":35,"column":5}},"type":"if","locations":[{"start":{"line":33,"column":4},"end":{"line":35,"column":5}},{"start":{"line":33,"column":4},"end":{"line":35,"column":5}}],"line":33}},"s":{"0":5,"1":5,"2":5,"3":5,"4":0,"5":0,"6":0,"7":0,"8":0,"9":5,"10":0,"11":1},"f":{"0":5,"1":5,"2":0,"3":0,"4":5,"5":0},"b":{"0":[0,5]},"_coverageSchema":"332fd63041d2c1bcb487cc26dd0d5f7d97098a6c","hash":"0d22f3f913a37e985e1fda4b866cd153982abe6d"}
,"/Users/andeladeveloper/Desktop/Projeects/checkpoints/checkpoint1/d0-checkpoint1-newsapp/src/component/NoPageFound.jsx": {"path":"/Users/andeladeveloper/Desktop/Projeects/checkpoints/checkpoint1/d0-checkpoint1-newsapp/src/component/NoPageFound.jsx","statementMap":{"0":{"start":{"line":14,"column":4},"end":{"line":40,"column":6}}},"fnMap":{"0":{"name":"(anonymous_0)","decl":{"start":{"line":13,"column":2},"end":{"line":13,"column":3}},"loc":{"start":{"line":13,"column":11},"end":{"line":41,"column":3}},"line":13}},"branchMap":{},"s":{"0":1},"f":{"0":1},"b":{},"_coverageSchema":"332fd63041d2c1bcb487cc26dd0d5f7d97098a6c","hash":"169abdb2910b652b49e6384f303546e6c5970a74"}
,"/Users/andeladeveloper/Desktop/Projeects/checkpoints/checkpoint1/d0-checkpoint1-newsapp/src/component/SearchBar.jsx": {"path":"/Users/andeladeveloper/Desktop/Projeects/checkpoints/checkpoint1/d0-checkpoint1-newsapp/src/component/SearchBar.jsx","statementMap":{"0":{"start":{"line":15,"column":4},"end":{"line":15,"column":17}},"1":{"start":{"line":16,"column":4},"end":{"line":16,"column":51}},"2":{"start":{"line":25,"column":4},"end":{"line":25,"column":49}},"3":{"start":{"line":33,"column":4},"end":{"line":43,"column":6}},"4":{"start":{"line":47,"column":0},"end":{"line":50,"column":2}}},"fnMap":{"0":{"name":"(anonymous_0)","decl":{"start":{"line":14,"column":2},"end":{"line":14,"column":3}},"loc":{"start":{"line":14,"column":21},"end":{"line":17,"column":3}},"line":14},"1":{"name":"(anonymous_1)","decl":{"start":{"line":24,"column":2},"end":{"line":24,"column":3}},"loc":{"start":{"line":24,"column":17},"end":{"line":26,"column":3}},"line":24},"2":{"name":"(anonymous_2)","decl":{"start":{"line":32,"column":2},"end":{"line":32,"column":3}},"loc":{"start":{"line":32,"column":11},"end":{"line":44,"column":3}},"line":32}},"branchMap":{},"s":{"0":9,"1":9,"2":0,"3":13,"4":4},"f":{"0":9,"1":0,"2":13},"b":{},"_coverageSchema":"332fd63041d2c1bcb487cc26dd0d5f7d97098a6c","hash":"cb7808f404466d277a8ea8875861efe8ee6acbe8"}
,"/Users/andeladeveloper/Desktop/Projeects/checkpoints/checkpoint1/d0-checkpoint1-newsapp/src/component/SortHeading.jsx": {"path":"/Users/andeladeveloper/Desktop/Projeects/checkpoints/checkpoint1/d0-checkpoint1-newsapp/src/component/SortHeading.jsx","statementMap":{"0":{"start":{"line":15,"column":4},"end":{"line":15,"column":17}},"1":{"start":{"line":16,"column":4},"end":{"line":18,"column":6}},"2":{"start":{"line":26,"column":19},"end":{"line":26,"column":21}},"3":{"start":{"line":27,"column":4},"end":{"line":38,"column":5}},"4":{"start":{"line":28,"column":6},"end":{"line":37,"column":9}},"5":{"start":{"line":29,"column":8},"end":{"line":36,"column":10}},"6":{"start":{"line":39,"column":4},"end":{"line":48,"column":14}},"7":{"start":{"line":52,"column":0},"end":{"line":54,"column":2}}},"fnMap":{"0":{"name":"(anonymous_0)","decl":{"start":{"line":14,"column":2},"end":{"line":14,"column":3}},"loc":{"start":{"line":14,"column":21},"end":{"line":19,"column":3}},"line":14},"1":{"name":"(anonymous_1)","decl":{"start":{"line":25,"column":2},"end":{"line":25,"column":3}},"loc":{"start":{"line":25,"column":11},"end":{"line":49,"column":3}},"line":25},"2":{"name":"(anonymous_2)","decl":{"start":{"line":28,"column":55},"end":{"line":28,"column":56}},"loc":{"start":{"line":28,"column":65},"end":{"line":37,"column":7}},"line":28}},"branchMap":{"0":{"loc":{"start":{"line":27,"column":4},"end":{"line":38,"column":5}},"type":"if","locations":[{"start":{"line":27,"column":4},"end":{"line":38,"column":5}},{"start":{"line":27,"column":4},"end":{"line":38,"column":5}}],"line":27}},"s":{"0":3,"1":3,"2":3,"3":3,"4":3,"5":6,"6":3,"7":2},"f":{"0":3,"1":3,"2":6},"b":{"0":[3,0]},"_coverageSchema":"332fd63041d2c1bcb487cc26dd0d5f7d97098a6c","hash":"6b45f10b6857ea338812d93d3a0cfb0e6868d7f6"}
,"/Users/andeladeveloper/Desktop/Projeects/checkpoints/checkpoint1/d0-checkpoint1-newsapp/src/component/Sources.jsx": {"path":"/Users/andeladeveloper/Desktop/Projeects/checkpoints/checkpoint1/d0-checkpoint1-newsapp/src/component/Sources.jsx","statementMap":{"0":{"start":{"line":24,"column":4},"end":{"line":24,"column":17}},"1":{"start":{"line":25,"column":4},"end":{"line":31,"column":6}},"2":{"start":{"line":32,"column":4},"end":{"line":32,"column":53}},"3":{"start":{"line":33,"column":4},"end":{"line":33,"column":45}},"4":{"start":{"line":34,"column":4},"end":{"line":36,"column":5}},"5":{"start":{"line":35,"column":6},"end":{"line":35,"column":40}},"6":{"start":{"line":45,"column":4},"end":{"line":45,"column":33}},"7":{"start":{"line":54,"column":4},"end":{"line":54,"column":47}},"8":{"start":{"line":62,"column":4},"end":{"line":62,"column":50}},"9":{"start":{"line":70,"column":4},"end":{"line":72,"column":7}},"10":{"start":{"line":81,"column":4},"end":{"line":83,"column":7}},"11":{"start":{"line":92,"column":24},"end":{"line":92,"column":81}},"12":{"start":{"line":93,"column":4},"end":{"line":93,"column":76}},"13":{"start":{"line":101,"column":16},"end":{"line":101,"column":17}},"14":{"start":{"line":102,"column":21},"end":{"line":121,"column":6}},"15":{"start":{"line":103,"column":6},"end":{"line":109,"column":7}},"16":{"start":{"line":104,"column":8},"end":{"line":104,"column":18}},"17":{"start":{"line":105,"column":8},"end":{"line":107,"column":9}},"18":{"start":{"line":106,"column":10},"end":{"line":106,"column":73}},"19":{"start":{"line":108,"column":8},"end":{"line":108,"column":18}},"20":{"start":{"line":110,"column":6},"end":{"line":120,"column":8}},"21":{"start":{"line":111,"column":27},"end":{"line":111,"column":56}},"22":{"start":{"line":123,"column":4},"end":{"line":148,"column":6}},"23":{"start":{"line":152,"column":0},"end":{"line":154,"column":2}}},"fnMap":{"0":{"name":"(anonymous_0)","decl":{"start":{"line":23,"column":2},"end":{"line":23,"column":3}},"loc":{"start":{"line":23,"column":21},"end":{"line":37,"column":3}},"line":23},"1":{"name":"(anonymous_1)","decl":{"start":{"line":44,"column":2},"end":{"line":44,"column":3}},"loc":{"start":{"line":44,"column":23},"end":{"line":46,"column":3}},"line":44},"2":{"name":"(anonymous_2)","decl":{"start":{"line":53,"column":2},"end":{"line":53,"column":3}},"loc":{"start":{"line":53,"column":22},"end":{"line":55,"column":3}},"line":53},"3":{"name":"(anonymous_3)","decl":{"start":{"line":61,"column":2},"end":{"line":61,"column":3}},"loc":{"start":{"line":61,"column":25},"end":{"line":63,"column":3}},"line":61},"4":{"name":"(anonymous_4)","decl":{"start":{"line":69,"column":2},"end":{"line":69,"column":3}},"loc":{"start":{"line":69,"column":13},"end":{"line":73,"column":3}},"line":69},"5":{"name":"(anonymous_5)","decl":{"start":{"line":80,"column":2},"end":{"line":80,"column":3}},"loc":{"start":{"line":80,"column":29},"end":{"line":84,"column":3}},"line":80},"6":{"name":"(anonymous_6)","decl":{"start":{"line":91,"column":2},"end":{"line":91,"column":3}},"loc":{"start":{"line":91,"column":25},"end":{"line":94,"column":3}},"line":91},"7":{"name":"(anonymous_7)","decl":{"start":{"line":100,"column":2},"end":{"line":100,"column":3}},"loc":{"start":{"line":100,"column":11},"end":{"line":149,"column":3}},"line":100},"8":{"name":"(anonymous_8)","decl":{"start":{"line":102,"column":44},"end":{"line":102,"column":45}},"loc":{"start":{"line":102,"column":56},"end":{"line":121,"column":5}},"line":102},"9":{"name":"(anonymous_9)","decl":{"start":{"line":111,"column":21},"end":{"line":111,"column":22}},"loc":{"start":{"line":111,"column":27},"end":{"line":111,"column":56}},"line":111}},"branchMap":{"0":{"loc":{"start":{"line":34,"column":4},"end":{"line":36,"column":5}},"type":"if","locations":[{"start":{"line":34,"column":4},"end":{"line":36,"column":5}},{"start":{"line":34,"column":4},"end":{"line":36,"column":5}}],"line":34},"1":{"loc":{"start":{"line":103,"column":6},"end":{"line":109,"column":7}},"type":"if","locations":[{"start":{"line":103,"column":6},"end":{"line":109,"column":7}},{"start":{"line":103,"column":6},"end":{"line":109,"column":7}}],"line":103},"2":{"loc":{"start":{"line":105,"column":8},"end":{"line":107,"column":9}},"type":"if","locations":[{"start":{"line":105,"column":8},"end":{"line":107,"column":9}},{"start":{"line":105,"column":8},"end":{"line":107,"column":9}}],"line":105},"3":{"loc":{"start":{"line":140,"column":20},"end":{"line":140,"column":64}},"type":"cond-expr","locations":[{"start":{"line":140,"column":42},"end":{"line":140,"column":50}},{"start":{"line":140,"column":53},"end":{"line":140,"column":64}}],"line":140}},"s":{"0":4,"1":4,"2":4,"3":4,"4":4,"5":4,"6":4,"7":3,"8":1,"9":4,"10":0,"11":1,"12":1,"13":9,"14":9,"15":2,"16":0,"17":0,"18":0,"19":0,"20":2,"21":0,"22":9,"23":1},"f":{"0":4,"1":4,"2":3,"3":1,"4":4,"5":0,"6":1,"7":9,"8":2,"9":0},"b":{"0":[4,0],"1":[0,2],"2":[0,0],"3":[1,8]},"_coverageSchema":"332fd63041d2c1bcb487cc26dd0d5f7d97098a6c","hash":"ac36db1366ba189994a88b3d106584b4716bfafb"}
,"/Users/andeladeveloper/Desktop/Projeects/checkpoints/checkpoint1/d0-checkpoint1-newsapp/src/constants/AppConstants.jsx": {"path":"/Users/andeladeveloper/Desktop/Projeects/checkpoints/checkpoint1/d0-checkpoint1-newsapp/src/constants/AppConstants.jsx","statementMap":{},"fnMap":{},"branchMap":{},"s":{},"f":{},"b":{},"_coverageSchema":"332fd63041d2c1bcb487cc26dd0d5f7d97098a6c","hash":"d3912613a02fc881ca3a085de404b70af227cf8f"}
,"/Users/andeladeveloper/Desktop/Projeects/checkpoints/checkpoint1/d0-checkpoint1-newsapp/src/stores/AuthStore.jsx": {"path":"/Users/andeladeveloper/Desktop/Projeects/checkpoints/checkpoint1/d0-checkpoint1-newsapp/src/stores/AuthStore.jsx","statementMap":{"0":{"start":{"line":6,"column":21},"end":{"line":6,"column":29}},"1":{"start":{"line":15,"column":2},"end":{"line":17,"column":3}},"2":{"start":{"line":16,"column":4},"end":{"line":16,"column":69}},"3":{"start":{"line":25,"column":2},"end":{"line":25,"column":45}},"4":{"start":{"line":39,"column":4},"end":{"line":39,"column":28}},"5":{"start":{"line":48,"column":4},"end":{"line":48,"column":36}},"6":{"start":{"line":57,"column":4},"end":{"line":57,"column":48}},"7":{"start":{"line":65,"column":4},"end":{"line":67,"column":5}},"8":{"start":{"line":66,"column":6},"end":{"line":66,"column":18}},"9":{"start":{"line":68,"column":4},"end":{"line":68,"column":17}},"10":{"start":{"line":76,"column":4},"end":{"line":79,"column":5}},"11":{"start":{"line":77,"column":23},"end":{"line":77,"column":74}},"12":{"start":{"line":78,"column":6},"end":{"line":78,"column":33}},"13":{"start":{"line":80,"column":4},"end":{"line":80,"column":26}},"14":{"start":{"line":88,"column":4},"end":{"line":91,"column":5}},"15":{"start":{"line":89,"column":24},"end":{"line":89,"column":75}},"16":{"start":{"line":90,"column":6},"end":{"line":90,"column":29}},"17":{"start":{"line":92,"column":4},"end":{"line":92,"column":21}},"18":{"start":{"line":97,"column":18},"end":{"line":97,"column":38}},"19":{"start":{"line":100,"column":0},"end":{"line":114,"column":3}},"20":{"start":{"line":101,"column":2},"end":{"line":113,"column":3}},"21":{"start":{"line":103,"column":6},"end":{"line":103,"column":44}},"22":{"start":{"line":104,"column":6},"end":{"line":104,"column":29}},"23":{"start":{"line":105,"column":6},"end":{"line":105,"column":12}},"24":{"start":{"line":108,"column":6},"end":{"line":108,"column":19}},"25":{"start":{"line":109,"column":6},"end":{"line":109,"column":29}},"26":{"start":{"line":110,"column":6},"end":{"line":110,"column":12}}},"fnMap":{"0":{"name":"setUser","decl":{"start":{"line":14,"column":16},"end":{"line":14,"column":23}},"loc":{"start":{"line":14,"column":33},"end":{"line":18,"column":1}},"line":14},"1":{"name":"removeUser","decl":{"start":{"line":24,"column":16},"end":{"line":24,"column":26}},"loc":{"start":{"line":24,"column":29},"end":{"line":26,"column":1}},"line":24},"2":{"name":"(anonymous_2)","decl":{"start":{"line":38,"column":2},"end":{"line":38,"column":3}},"loc":{"start":{"line":38,"column":15},"end":{"line":40,"column":3}},"line":38},"3":{"name":"(anonymous_3)","decl":{"start":{"line":47,"column":2},"end":{"line":47,"column":3}},"loc":{"start":{"line":47,"column":30},"end":{"line":49,"column":3}},"line":47},"4":{"name":"(anonymous_4)","decl":{"start":{"line":56,"column":2},"end":{"line":56,"column":3}},"loc":{"start":{"line":56,"column":33},"end":{"line":58,"column":3}},"line":56},"5":{"name":"(anonymous_5)","decl":{"start":{"line":64,"column":2},"end":{"line":64,"column":3}},"loc":{"start":{"line":64,"column":20},"end":{"line":69,"column":3}},"line":64},"6":{"name":"(anonymous_6)","decl":{"start":{"line":75,"column":2},"end":{"line":75,"column":3}},"loc":{"start":{"line":75,"column":16},"end":{"line":81,"column":3}},"line":75},"7":{"name":"(anonymous_7)","decl":{"start":{"line":87,"column":2},"end":{"line":87,"column":3}},"loc":{"start":{"line":87,"column":17},"end":{"line":93,"column":3}},"line":87},"8":{"name":"(anonymous_8)","decl":{"start":{"line":100,"column":49},"end":{"line":100,"column":50}},"loc":{"start":{"line":100,"column":61},"end":{"line":114,"column":1}},"line":100}},"branchMap":{"0":{"loc":{"start":{"line":15,"column":2},"end":{"line":17,"column":3}},"type":"if","locations":[{"start":{"line":15,"column":2},"end":{"line":17,"column":3}},{"start":{"line":15,"column":2},"end":{"line":17,"column":3}}],"line":15},"1":{"loc":{"start":{"line":65,"column":4},"end":{"line":67,"column":5}},"type":"if","locations":[{"start":{"line":65,"column":4},"end":{"line":67,"column":5}},{"start":{"line":65,"column":4},"end":{"line":67,"column":5}}],"line":65},"2":{"loc":{"start":{"line":76,"column":4},"end":{"line":79,"column":5}},"type":"if","locations":[{"start":{"line":76,"column":4},"end":{"line":79,"column":5}},{"start":{"line":76,"column":4},"end":{"line":79,"column":5}}],"line":76},"3":{"loc":{"start":{"line":88,"column":4},"end":{"line":91,"column":5}},"type":"if","locations":[{"start":{"line":88,"column":4},"end":{"line":91,"column":5}},{"start":{"line":88,"column":4},"end":{"line":91,"column":5}}],"line":88},"4":{"loc":{"start":{"line":101,"column":2},"end":{"line":113,"column":3}},"type":"switch","locations":[{"start":{"line":102,"column":4},"end":{"line":105,"column":12}},{"start":{"line":107,"column":4},"end":{"line":110,"column":12}},{"start":{"line":112,"column":4},"end":{"line":112,"column":12}}],"line":101}},"s":{"0":7,"1":1,"2":0,"3":2,"4":2,"5":1,"6":1,"7":20,"8":1,"9":19,"10":18,"11":1,"12":1,"13":17,"14":48,"15":4,"16":4,"17":44,"18":7,"19":7,"20":6,"21":0,"22":0,"23":0,"24":1,"25":1,"26":1},"f":{"0":1,"1":2,"2":2,"3":1,"4":1,"5":20,"6":18,"7":48,"8":6},"b":{"0":[0,1],"1":[1,19],"2":[1,17],"3":[4,44],"4":[0,1,5]},"_coverageSchema":"332fd63041d2c1bcb487cc26dd0d5f7d97098a6c","hash":"7509108d14492ad1f2633acdc5c4c0e7bdfad963"}
,"/Users/andeladeveloper/Desktop/Projeects/checkpoints/checkpoint1/d0-checkpoint1-newsapp/src/stores/NewsStore.jsx": {"path":"/Users/andeladeveloper/Desktop/Projeects/checkpoints/checkpoint1/d0-checkpoint1-newsapp/src/stores/NewsStore.jsx","statementMap":{"0":{"start":{"line":6,"column":21},"end":{"line":6,"column":29}},"1":{"start":{"line":8,"column":14},"end":{"line":8,"column":16}},"2":{"start":{"line":9,"column":17},"end":{"line":9,"column":19}},"3":{"start":{"line":17,"column":16},"end":{"line":17,"column":18}},"4":{"start":{"line":18,"column":2},"end":{"line":23,"column":3}},"5":{"start":{"line":19,"column":4},"end":{"line":19,"column":73}},"6":{"start":{"line":20,"column":4},"end":{"line":20,"column":23}},"7":{"start":{"line":22,"column":4},"end":{"line":22,"column":23}},"8":{"start":{"line":24,"column":2},"end":{"line":24,"column":52}},"9":{"start":{"line":25,"column":2},"end":{"line":25,"column":74}},"10":{"start":{"line":34,"column":2},"end":{"line":34,"column":16}},"11":{"start":{"line":43,"column":2},"end":{"line":43,"column":24}},"12":{"start":{"line":58,"column":4},"end":{"line":58,"column":28}},"13":{"start":{"line":67,"column":4},"end":{"line":67,"column":36}},"14":{"start":{"line":76,"column":4},"end":{"line":76,"column":48}},"15":{"start":{"line":84,"column":4},"end":{"line":84,"column":19}},"16":{"start":{"line":92,"column":4},"end":{"line":92,"column":22}},"17":{"start":{"line":100,"column":4},"end":{"line":102,"column":5}},"18":{"start":{"line":101,"column":6},"end":{"line":101,"column":72}},"19":{"start":{"line":103,"column":4},"end":{"line":103,"column":55}},"20":{"start":{"line":104,"column":4},"end":{"line":104,"column":58}},"21":{"start":{"line":110,"column":18},"end":{"line":110,"column":38}},"22":{"start":{"line":113,"column":0},"end":{"line":141,"column":3}},"23":{"start":{"line":114,"column":2},"end":{"line":140,"column":3}},"24":{"start":{"line":116,"column":6},"end":{"line":116,"column":33}},"25":{"start":{"line":117,"column":6},"end":{"line":117,"column":29}},"26":{"start":{"line":118,"column":6},"end":{"line":118,"column":12}},"27":{"start":{"line":121,"column":6},"end":{"line":121,"column":31}},"28":{"start":{"line":122,"column":6},"end":{"line":122,"column":29}},"29":{"start":{"line":123,"column":6},"end":{"line":123,"column":12}},"30":{"start":{"line":126,"column":6},"end":{"line":126,"column":39}},"31":{"start":{"line":127,"column":6},"end":{"line":127,"column":29}},"32":{"start":{"line":128,"column":6},"end":{"line":128,"column":12}},"33":{"start":{"line":131,"column":6},"end":{"line":131,"column":29}},"34":{"start":{"line":132,"column":6},"end":{"line":132,"column":12}},"35":{"start":{"line":135,"column":6},"end":{"line":135,"column":26}},"36":{"start":{"line":136,"column":6},"end":{"line":136,"column":29}},"37":{"start":{"line":137,"column":6},"end":{"line":137,"column":12}}},"fnMap":{"0":{"name":"setFavorite","decl":{"start":{"line":16,"column":16},"end":{"line":16,"column":27}},"loc":{"start":{"line":16,"column":34},"end":{"line":26,"column":1}},"line":16},"1":{"name":"setSources","decl":{"start":{"line":33,"column":16},"end":{"line":33,"column":26}},"loc":{"start":{"line":33,"column":32},"end":{"line":35,"column":1}},"line":33},"2":{"name":"setFilterSource","decl":{"start":{"line":42,"column":16},"end":{"line":42,"column":31}},"loc":{"start":{"line":42,"column":42},"end":{"line":44,"column":1}},"line":42},"3":{"name":"(anonymous_3)","decl":{"start":{"line":57,"column":2},"end":{"line":57,"column":3}},"loc":{"start":{"line":57,"column":15},"end":{"line":59,"column":3}},"line":57},"4":{"name":"(anonymous_4)","decl":{"start":{"line":66,"column":2},"end":{"line":66,"column":3}},"loc":{"start":{"line":66,"column":30},"end":{"line":68,"column":3}},"line":66},"5":{"name":"(anonymous_5)","decl":{"start":{"line":75,"column":2},"end":{"line":75,"column":3}},"loc":{"start":{"line":75,"column":33},"end":{"line":77,"column":3}},"line":75},"6":{"name":"(anonymous_6)","decl":{"start":{"line":83,"column":2},"end":{"line":83,"column":3}},"loc":{"start":{"line":83,"column":15},"end":{"line":85,"column":3}},"line":83},"7":{"name":"(anonymous_7)","decl":{"start":{"line":91,"column":2},"end":{"line":91,"column":3}},"loc":{"start":{"line":91,"column":20},"end":{"line":93,"column":3}},"line":91},"8":{"name":"(anonymous_8)","decl":{"start":{"line":99,"column":2},"end":{"line":99,"column":3}},"loc":{"start":{"line":99,"column":20},"end":{"line":105,"column":3}},"line":99},"9":{"name":"(anonymous_9)","decl":{"start":{"line":113,"column":49},"end":{"line":113,"column":50}},"loc":{"start":{"line":113,"column":61},"end":{"line":141,"column":1}},"line":113}},"branchMap":{"0":{"loc":{"start":{"line":18,"column":2},"end":{"line":23,"column":3}},"type":"if","locations":[{"start":{"line":18,"column":2},"end":{"line":23,"column":3}},{"start":{"line":18,"column":2},"end":{"line":23,"column":3}}],"line":18},"1":{"loc":{"start":{"line":100,"column":4},"end":{"line":102,"column":5}},"type":"if","locations":[{"start":{"line":100,"column":4},"end":{"line":102,"column":5}},{"start":{"line":100,"column":4},"end":{"line":102,"column":5}}],"line":100},"2":{"loc":{"start":{"line":114,"column":2},"end":{"line":140,"column":3}},"type":"switch","locations":[{"start":{"line":115,"column":4},"end":{"line":118,"column":12}},{"start":{"line":120,"column":4},"end":{"line":123,"column":12}},{"start":{"line":125,"column":4},"end":{"line":128,"column":12}},{"start":{"line":130,"column":4},"end":{"line":132,"column":12}},{"start":{"line":134,"column":4},"end":{"line":137,"column":12}},{"start":{"line":139,"column":4},"end":{"line":139,"column":12}}],"line":114}},"s":{"0":4,"1":4,"2":4,"3":1,"4":1,"5":0,"6":0,"7":1,"8":1,"9":1,"10":1,"11":3,"12":6,"13":4,"14":3,"15":5,"16":1,"17":9,"18":0,"19":9,"20":9,"21":4,"22":4,"23":5,"24":0,"25":0,"26":0,"27":0,"28":0,"29":0,"30":0,"31":0,"32":0,"33":2,"34":2,"35":3,"36":3,"37":3},"f":{"0":1,"1":1,"2":3,"3":6,"4":4,"5":3,"6":5,"7":1,"8":9,"9":5},"b":{"0":[0,1],"1":[0,9],"2":[0,0,0,2,3,0]},"_coverageSchema":"332fd63041d2c1bcb487cc26dd0d5f7d97098a6c","hash":"31842a413d46dcf5096cca92133960a5c472d310"}
,"/Users/andeladeveloper/Desktop/Projeects/checkpoints/checkpoint1/d0-checkpoint1-newsapp/src/utils/NewsAPI.jsx": {"path":"/Users/andeladeveloper/Desktop/Projeects/checkpoints/checkpoint1/d0-checkpoint1-newsapp/src/utils/NewsAPI.jsx","statementMap":{"0":{"start":{"line":11,"column":4},"end":{"line":19,"column":7}},"1":{"start":{"line":12,"column":6},"end":{"line":18,"column":9}},"2":{"start":{"line":14,"column":8},"end":{"line":14,"column":36}},"3":{"start":{"line":17,"column":8},"end":{"line":17,"column":33}},"4":{"start":{"line":17,"column":19},"end":{"line":17,"column":33}},"5":{"start":{"line":28,"column":4},"end":{"line":36,"column":7}},"6":{"start":{"line":29,"column":6},"end":{"line":35,"column":9}},"7":{"start":{"line":31,"column":8},"end":{"line":31,"column":35}},"8":{"start":{"line":34,"column":8},"end":{"line":34,"column":31}}},"fnMap":{"0":{"name":"(anonymous_0)","decl":{"start":{"line":10,"column":14},"end":{"line":10,"column":15}},"loc":{"start":{"line":10,"column":23},"end":{"line":20,"column":3}},"line":10},"1":{"name":"(anonymous_1)","decl":{"start":{"line":11,"column":23},"end":{"line":11,"column":24}},"loc":{"start":{"line":11,"column":44},"end":{"line":19,"column":5}},"line":11},"2":{"name":"(anonymous_2)","decl":{"start":{"line":13,"column":12},"end":{"line":13,"column":13}},"loc":{"start":{"line":13,"column":21},"end":{"line":15,"column":7}},"line":13},"3":{"name":"(anonymous_3)","decl":{"start":{"line":16,"column":13},"end":{"line":16,"column":14}},"loc":{"start":{"line":16,"column":24},"end":{"line":18,"column":7}},"line":16},"4":{"name":"(anonymous_4)","decl":{"start":{"line":28,"column":23},"end":{"line":28,"column":24}},"loc":{"start":{"line":28,"column":44},"end":{"line":36,"column":5}},"line":28},"5":{"name":"(anonymous_5)","decl":{"start":{"line":30,"column":12},"end":{"line":30,"column":13}},"loc":{"start":{"line":30,"column":21},"end":{"line":32,"column":7}},"line":30},"6":{"name":"(anonymous_6)","decl":{"start":{"line":33,"column":13},"end":{"line":33,"column":14}},"loc":{"start":{"line":33,"column":24},"end":{"line":35,"column":7}},"line":33}},"branchMap":{"0":{"loc":{"start":{"line":17,"column":8},"end":{"line":17,"column":33}},"type":"if","locations":[{"start":{"line":17,"column":8},"end":{"line":17,"column":33}},{"start":{"line":17,"column":8},"end":{"line":17,"column":33}}],"line":17}},"s":{"0":5,"1":5,"2":1,"3":2,"4":2,"5":6,"6":6,"7":1,"8":3},"f":{"0":5,"1":5,"2":1,"3":2,"4":6,"5":1,"6":3},"b":{"0":[2,0]},"_coverageSchema":"332fd63041d2c1bcb487cc26dd0d5f7d97098a6c","hash":"2a353ad0773a51184ee3b98e815eef03e4b6adf3"}
,"/Users/andeladeveloper/Desktop/Projeects/checkpoints/checkpoint1/d0-checkpoint1-newsapp/test/mock/mock.js": {"path":"/Users/andeladeveloper/Desktop/Projeects/checkpoints/checkpoint1/d0-checkpoint1-newsapp/test/mock/mock.js","statementMap":{"0":{"start":{"line":1,"column":16},"end":{"line":3,"column":426}},"1":{"start":{"line":5,"column":17},"end":{"line":9,"column":487}},"2":{"start":{"line":11,"column":25},"end":{"line":11,"column":362}},"3":{"start":{"line":13,"column":17},"end":{"line":17,"column":1}},"4":{"start":{"line":19,"column":19},"end":{"line":25,"column":40}},"5":{"start":{"line":28,"column":8},"end":{"line":33,"column":38}},"6":{"start":{"line":35,"column":17},"end":{"line":35,"column":37}}},"fnMap":{},"branchMap":{},"s":{"0":7,"1":7,"2":7,"3":7,"4":7,"5":7,"6":7},"f":{},"b":{},"_coverageSchema":"332fd63041d2c1bcb487cc26dd0d5f7d97098a6c","hash":"2d2ca804d49065b55e4ec3e9dab5039d0febf772"}
,"/Users/andeladeveloper/Desktop/Projeects/checkpoints/checkpoint1/d0-checkpoint1-newsapp/test/mock/test_helper.js": {"path":"/Users/andeladeveloper/Desktop/Projeects/checkpoints/checkpoint1/d0-checkpoint1-newsapp/test/mock/test_helper.js","statementMap":{"0":{"start":{"line":1,"column":25},"end":{"line":17,"column":4}},"1":{"start":{"line":2,"column":14},"end":{"line":2,"column":16}},"2":{"start":{"line":3,"column":2},"end":{"line":16,"column":4}},"3":{"start":{"line":5,"column":6},"end":{"line":5,"column":24}},"4":{"start":{"line":8,"column":6},"end":{"line":8,"column":36}},"5":{"start":{"line":11,"column":6},"end":{"line":11,"column":17}},"6":{"start":{"line":14,"column":6},"end":{"line":14,"column":24}},"7":{"start":{"line":18,"column":0},"end":{"line":18,"column":75}}},"fnMap":{"0":{"name":"(anonymous_0)","decl":{"start":{"line":1,"column":26},"end":{"line":1,"column":27}},"loc":{"start":{"line":1,"column":32},"end":{"line":17,"column":1}},"line":1},"1":{"name":"(anonymous_1)","decl":{"start":{"line":4,"column":13},"end":{"line":4,"column":14}},"loc":{"start":{"line":4,"column":22},"end":{"line":6,"column":5}},"line":4},"2":{"name":"(anonymous_2)","decl":{"start":{"line":7,"column":13},"end":{"line":7,"column":14}},"loc":{"start":{"line":7,"column":29},"end":{"line":9,"column":5}},"line":7},"3":{"name":"(anonymous_3)","decl":{"start":{"line":10,"column":11},"end":{"line":10,"column":12}},"loc":{"start":{"line":10,"column":17},"end":{"line":12,"column":5}},"line":10},"4":{"name":"(anonymous_4)","decl":{"start":{"line":13,"column":16},"end":{"line":13,"column":17}},"loc":{"start":{"line":13,"column":25},"end":{"line":15,"column":5}},"line":13}},"branchMap":{},"s":{"0":11,"1":11,"2":11,"3":125,"4":19,"5":0,"6":7,"7":11},"f":{"0":11,"1":125,"2":19,"3":0,"4":7},"b":{},"_coverageSchema":"332fd63041d2c1bcb487cc26dd0d5f7d97098a6c","hash":"72d289e369574fea4e29778b883a3e04b19a3888"}
}
