{"/Users/andeladeveloper/Desktop/Projeects/checkpoints/checkpoint1/d0-checkpoint1-newsapp/src/AppDispatcher/AppDispatcher.jsx": {"path":"/Users/andeladeveloper/Desktop/Projeects/checkpoints/checkpoint1/d0-checkpoint1-newsapp/src/AppDispatcher/AppDispatcher.jsx","statementMap":{"0":{"start":{"line":3,"column":22},"end":{"line":3,"column":38}}},"fnMap":{},"branchMap":{},"s":{"0":10},"f":{},"b":{},"_coverageSchema":"332fd63041d2c1bcb487cc26dd0d5f7d97098a6c","hash":"d805aed72fa1e4ec324e3957385484be6dd8490d"}
,"/Users/andeladeveloper/Desktop/Projeects/checkpoints/checkpoint1/d0-checkpoint1-newsapp/src/actions/AuthActions.jsx": {"path":"/Users/andeladeveloper/Desktop/Projeects/checkpoints/checkpoint1/d0-checkpoint1-newsapp/src/actions/AuthActions.jsx","statementMap":{"0":{"start":{"line":4,"column":20},"end":{"line":20,"column":1}},"1":{"start":{"line":7,"column":4},"end":{"line":10,"column":7}},"2":{"start":{"line":11,"column":4},"end":{"line":11,"column":16}},"3":{"start":{"line":15,"column":4},"end":{"line":17,"column":7}},"4":{"start":{"line":18,"column":4},"end":{"line":18,"column":16}}},"fnMap":{"0":{"name":"(anonymous_0)","decl":{"start":{"line":6,"column":13},"end":{"line":6,"column":14}},"loc":{"start":{"line":6,"column":26},"end":{"line":12,"column":3}},"line":6},"1":{"name":"(anonymous_1)","decl":{"start":{"line":14,"column":14},"end":{"line":14,"column":15}},"loc":{"start":{"line":14,"column":20},"end":{"line":19,"column":3}},"line":14}},"branchMap":{},"s":{"0":7,"1":1,"2":1,"3":2,"4":2},"f":{"0":1,"1":2},"b":{},"_coverageSchema":"332fd63041d2c1bcb487cc26dd0d5f7d97098a6c","hash":"8b65770c3ec14582a4df7638086903ab6f1419ec"}
,"/Users/andeladeveloper/Desktop/Projeects/checkpoints/checkpoint1/d0-checkpoint1-newsapp/src/actions/NewsActions.jsx": {"path":"/Users/andeladeveloper/Desktop/Projeects/checkpoints/checkpoint1/d0-checkpoint1-newsapp/src/actions/NewsActions.jsx","statementMap":{"0":{"start":{"line":8,"column":4},"end":{"line":11,"column":7}},"1":{"start":{"line":15,"column":4},"end":{"line":28,"column":7}},"2":{"start":{"line":18,"column":6},"end":{"line":21,"column":9}},"3":{"start":{"line":24,"column":6},"end":{"line":27,"column":9}},"4":{"start":{"line":32,"column":4},"end":{"line":45,"column":7}},"5":{"start":{"line":35,"column":6},"end":{"line":38,"column":9}},"6":{"start":{"line":41,"column":6},"end":{"line":44,"column":9}}},"fnMap":{"0":{"name":"(anonymous_0)","decl":{"start":{"line":7,"column":15},"end":{"line":7,"column":16}},"loc":{"start":{"line":7,"column":28},"end":{"line":12,"column":3}},"line":7},"1":{"name":"(anonymous_1)","decl":{"start":{"line":14,"column":18},"end":{"line":14,"column":19}},"loc":{"start":{"line":14,"column":24},"end":{"line":29,"column":3}},"line":14},"2":{"name":"(anonymous_2)","decl":{"start":{"line":17,"column":10},"end":{"line":17,"column":11}},"loc":{"start":{"line":17,"column":19},"end":{"line":22,"column":5}},"line":17},"3":{"name":"(anonymous_3)","decl":{"start":{"line":23,"column":11},"end":{"line":23,"column":12}},"loc":{"start":{"line":23,"column":20},"end":{"line":28,"column":5}},"line":23},"4":{"name":"(anonymous_4)","decl":{"start":{"line":31,"column":23},"end":{"line":31,"column":24}},"loc":{"start":{"line":31,"column":39},"end":{"line":46,"column":3}},"line":31},"5":{"name":"(anonymous_5)","decl":{"start":{"line":34,"column":10},"end":{"line":34,"column":11}},"loc":{"start":{"line":34,"column":24},"end":{"line":39,"column":5}},"line":34},"6":{"name":"(anonymous_6)","decl":{"start":{"line":40,"column":11},"end":{"line":40,"column":12}},"loc":{"start":{"line":40,"column":20},"end":{"line":45,"column":5}},"line":40}},"branchMap":{},"s":{"0":1,"1":5,"2":1,"3":2,"4":6,"5":1,"6":3},"f":{"0":1,"1":5,"2":1,"3":2,"4":6,"5":1,"6":3},"b":{},"_coverageSchema":"332fd63041d2c1bcb487cc26dd0d5f7d97098a6c","hash":"510aec4b48cb9076a4af3a7c8098c57531836cae"}
,"/Users/andeladeveloper/Desktop/Projeects/checkpoints/checkpoint1/d0-checkpoint1-newsapp/src/component/Articles.jsx": {"path":"/Users/andeladeveloper/Desktop/Projeects/checkpoints/checkpoint1/d0-checkpoint1-newsapp/src/component/Articles.jsx","statementMap":{"0":{"start":{"line":15,"column":52},"end":{"line":15,"column":64}},"1":{"start":{"line":17,"column":21},"end":{"line":17,"column":50}},"2":{"start":{"line":18,"column":20},"end":{"line":18,"column":48}},"3":{"start":{"line":31,"column":4},"end":{"line":31,"column":17}},"4":{"start":{"line":32,"column":4},"end":{"line":38,"column":6}},"5":{"start":{"line":39,"column":4},"end":{"line":39,"column":55}},"6":{"start":{"line":40,"column":4},"end":{"line":40,"column":45}},"7":{"start":{"line":49,"column":4},"end":{"line":49,"column":68}},"8":{"start":{"line":59,"column":4},"end":{"line":59,"column":47}},"9":{"start":{"line":69,"column":20},"end":{"line":69,"column":58}},"10":{"start":{"line":70,"column":17},"end":{"line":70,"column":27}},"11":{"start":{"line":71,"column":4},"end":{"line":71,"column":70}},"12":{"start":{"line":80,"column":4},"end":{"line":80,"column":50}},"13":{"start":{"line":88,"column":4},"end":{"line":90,"column":7}},"14":{"start":{"line":99,"column":4},"end":{"line":101,"column":7}},"15":{"start":{"line":110,"column":4},"end":{"line":110,"column":33}},"16":{"start":{"line":111,"column":4},"end":{"line":115,"column":7}},"17":{"start":{"line":123,"column":16},"end":{"line":123,"column":17}},"18":{"start":{"line":124,"column":21},"end":{"line":169,"column":6}},"19":{"start":{"line":125,"column":6},"end":{"line":132,"column":7}},"20":{"start":{"line":126,"column":8},"end":{"line":126,"column":19}},"21":{"start":{"line":127,"column":8},"end":{"line":130,"column":9}},"22":{"start":{"line":128,"column":10},"end":{"line":129,"column":46}},"23":{"start":{"line":131,"column":8},"end":{"line":131,"column":18}},"24":{"start":{"line":133,"column":6},"end":{"line":168,"column":8}},"25":{"start":{"line":152,"column":29},"end":{"line":152,"column":53}},"26":{"start":{"line":171,"column":4},"end":{"line":201,"column":6}},"27":{"start":{"line":187,"column":42},"end":{"line":187,"column":54}},"28":{"start":{"line":205,"column":0},"end":{"line":209,"column":2}}},"fnMap":{"0":{"name":"(anonymous_0)","decl":{"start":{"line":30,"column":2},"end":{"line":30,"column":3}},"loc":{"start":{"line":30,"column":21},"end":{"line":41,"column":3}},"line":30},"1":{"name":"(anonymous_1)","decl":{"start":{"line":48,"column":2},"end":{"line":48,"column":3}},"loc":{"start":{"line":48,"column":23},"end":{"line":50,"column":3}},"line":48},"2":{"name":"(anonymous_2)","decl":{"start":{"line":58,"column":2},"end":{"line":58,"column":3}},"loc":{"start":{"line":58,"column":22},"end":{"line":60,"column":3}},"line":58},"3":{"name":"(anonymous_3)","decl":{"start":{"line":68,"column":2},"end":{"line":68,"column":3}},"loc":{"start":{"line":68,"column":39},"end":{"line":72,"column":3}},"line":68},"4":{"name":"(anonymous_4)","decl":{"start":{"line":79,"column":2},"end":{"line":79,"column":3}},"loc":{"start":{"line":79,"column":25},"end":{"line":81,"column":3}},"line":79},"5":{"name":"(anonymous_5)","decl":{"start":{"line":87,"column":2},"end":{"line":87,"column":3}},"loc":{"start":{"line":87,"column":13},"end":{"line":91,"column":3}},"line":87},"6":{"name":"(anonymous_6)","decl":{"start":{"line":98,"column":2},"end":{"line":98,"column":3}},"loc":{"start":{"line":98,"column":28},"end":{"line":102,"column":3}},"line":98},"7":{"name":"(anonymous_7)","decl":{"start":{"line":109,"column":2},"end":{"line":109,"column":3}},"loc":{"start":{"line":109,"column":19},"end":{"line":116,"column":3}},"line":109},"8":{"name":"(anonymous_8)","decl":{"start":{"line":122,"column":2},"end":{"line":122,"column":3}},"loc":{"start":{"line":122,"column":11},"end":{"line":202,"column":3}},"line":122},"9":{"name":"(anonymous_9)","decl":{"start":{"line":124,"column":50},"end":{"line":124,"column":51}},"loc":{"start":{"line":124,"column":62},"end":{"line":169,"column":5}},"line":124},"10":{"name":"(anonymous_10)","decl":{"start":{"line":152,"column":23},"end":{"line":152,"column":24}},"loc":{"start":{"line":152,"column":29},"end":{"line":152,"column":53}},"line":152},"11":{"name":"(anonymous_11)","decl":{"start":{"line":187,"column":37},"end":{"line":187,"column":38}},"loc":{"start":{"line":187,"column":42},"end":{"line":187,"column":54}},"line":187}},"branchMap":{"0":{"loc":{"start":{"line":125,"column":6},"end":{"line":132,"column":7}},"type":"if","locations":[{"start":{"line":125,"column":6},"end":{"line":132,"column":7}},{"start":{"line":125,"column":6},"end":{"line":132,"column":7}}],"line":125},"1":{"loc":{"start":{"line":127,"column":8},"end":{"line":130,"column":9}},"type":"if","locations":[{"start":{"line":127,"column":8},"end":{"line":130,"column":9}},{"start":{"line":127,"column":8},"end":{"line":130,"column":9}}],"line":127},"2":{"loc":{"start":{"line":191,"column":24},"end":{"line":191,"column":77}},"type":"cond-expr","locations":[{"start":{"line":191,"column":46},"end":{"line":191,"column":54}},{"start":{"line":191,"column":57},"end":{"line":191,"column":77}}],"line":191}},"s":{"0":1,"1":1,"2":1,"3":4,"4":4,"5":4,"6":4,"7":4,"8":0,"9":1,"10":1,"11":1,"12":1,"13":0,"14":1,"15":0,"16":0,"17":7,"18":7,"19":5,"20":0,"21":0,"22":0,"23":0,"24":5,"25":0,"26":7,"27":0,"28":1},"f":{"0":4,"1":4,"2":0,"3":1,"4":1,"5":0,"6":1,"7":0,"8":7,"9":5,"10":0,"11":0},"b":{"0":[0,5],"1":[0,0],"2":[1,6]},"_coverageSchema":"332fd63041d2c1bcb487cc26dd0d5f7d97098a6c","hash":"ece3cf0fd4cde67f79f8f26d696b2b28dca09b48"}
,"/Users/andeladeveloper/Desktop/Projeects/checkpoints/checkpoint1/d0-checkpoint1-newsapp/src/component/FavoriteNews.jsx": {"path":"/Users/andeladeveloper/Desktop/Projeects/checkpoints/checkpoint1/d0-checkpoint1-newsapp/src/component/FavoriteNews.jsx","statementMap":{"0":{"start":{"line":12,"column":52},"end":{"line":12,"column":64}},"1":{"start":{"line":14,"column":21},"end":{"line":14,"column":50}},"2":{"start":{"line":15,"column":20},"end":{"line":15,"column":48}},"3":{"start":{"line":19,"column":4},"end":{"line":19,"column":12}},"4":{"start":{"line":20,"column":4},"end":{"line":24,"column":6}},"5":{"start":{"line":25,"column":4},"end":{"line":25,"column":59}},"6":{"start":{"line":29,"column":4},"end":{"line":31,"column":7}},"7":{"start":{"line":35,"column":4},"end":{"line":37,"column":5}},"8":{"start":{"line":36,"column":6},"end":{"line":36,"column":40}},"9":{"start":{"line":41,"column":4},"end":{"line":43,"column":7}},"10":{"start":{"line":47,"column":4},"end":{"line":50,"column":5}},"11":{"start":{"line":48,"column":5},"end":{"line":48,"column":46}},"12":{"start":{"line":49,"column":5},"end":{"line":49,"column":12}},"13":{"start":{"line":51,"column":4},"end":{"line":51,"column":54}},"14":{"start":{"line":52,"column":4},"end":{"line":52,"column":29}},"15":{"start":{"line":55,"column":4},"end":{"line":55,"column":51}},"16":{"start":{"line":59,"column":4},"end":{"line":59,"column":76}},"17":{"start":{"line":63,"column":20},"end":{"line":63,"column":78}},"18":{"start":{"line":64,"column":22},"end":{"line":64,"column":24}},"19":{"start":{"line":65,"column":21},"end":{"line":65,"column":48}},"20":{"start":{"line":66,"column":4},"end":{"line":70,"column":5}},"21":{"start":{"line":67,"column":6},"end":{"line":69,"column":7}},"22":{"start":{"line":68,"column":8},"end":{"line":68,"column":25}},"23":{"start":{"line":71,"column":4},"end":{"line":76,"column":5}},"24":{"start":{"line":72,"column":6},"end":{"line":72,"column":53}},"25":{"start":{"line":73,"column":6},"end":{"line":73,"column":56}},"26":{"start":{"line":74,"column":6},"end":{"line":74,"column":82}},"27":{"start":{"line":75,"column":6},"end":{"line":75,"column":31}},"28":{"start":{"line":85,"column":4},"end":{"line":89,"column":7}},"29":{"start":{"line":94,"column":19},"end":{"line":94,"column":21}},"30":{"start":{"line":95,"column":16},"end":{"line":95,"column":17}},"31":{"start":{"line":96,"column":20},"end":{"line":96,"column":22}},"32":{"start":{"line":97,"column":4},"end":{"line":124,"column":5}},"33":{"start":{"line":98,"column":6},"end":{"line":121,"column":9}},"34":{"start":{"line":99,"column":8},"end":{"line":105,"column":9}},"35":{"start":{"line":100,"column":10},"end":{"line":100,"column":20}},"36":{"start":{"line":101,"column":10},"end":{"line":103,"column":11}},"37":{"start":{"line":102,"column":12},"end":{"line":102,"column":97}},"38":{"start":{"line":104,"column":12},"end":{"line":104,"column":22}},"39":{"start":{"line":106,"column":8},"end":{"line":120,"column":10}},"40":{"start":{"line":118,"column":63},"end":{"line":118,"column":86}},"41":{"start":{"line":123,"column":6},"end":{"line":123,"column":36}},"42":{"start":{"line":126,"column":4},"end":{"line":171,"column":6}},"43":{"start":{"line":132,"column":70},"end":{"line":132,"column":86}},"44":{"start":{"line":137,"column":38},"end":{"line":137,"column":50}},"45":{"start":{"line":163,"column":41},"end":{"line":163,"column":62}},"46":{"start":{"line":175,"column":0},"end":{"line":177,"column":2}}},"fnMap":{"0":{"name":"(anonymous_0)","decl":{"start":{"line":18,"column":2},"end":{"line":18,"column":3}},"loc":{"start":{"line":18,"column":16},"end":{"line":26,"column":3}},"line":18},"1":{"name":"(anonymous_1)","decl":{"start":{"line":28,"column":2},"end":{"line":28,"column":3}},"loc":{"start":{"line":28,"column":23},"end":{"line":32,"column":3}},"line":28},"2":{"name":"(anonymous_2)","decl":{"start":{"line":34,"column":2},"end":{"line":34,"column":3}},"loc":{"start":{"line":34,"column":22},"end":{"line":38,"column":3}},"line":34},"3":{"name":"(anonymous_3)","decl":{"start":{"line":40,"column":20},"end":{"line":40,"column":21}},"loc":{"start":{"line":40,"column":35},"end":{"line":44,"column":3}},"line":40},"4":{"name":"(anonymous_4)","decl":{"start":{"line":46,"column":2},"end":{"line":46,"column":3}},"loc":{"start":{"line":46,"column":14},"end":{"line":53,"column":3}},"line":46},"5":{"name":"(anonymous_5)","decl":{"start":{"line":54,"column":15},"end":{"line":54,"column":16}},"loc":{"start":{"line":54,"column":24},"end":{"line":56,"column":3}},"line":54},"6":{"name":"(anonymous_6)","decl":{"start":{"line":58,"column":2},"end":{"line":58,"column":3}},"loc":{"start":{"line":58,"column":25},"end":{"line":60,"column":3}},"line":58},"7":{"name":"(anonymous_7)","decl":{"start":{"line":62,"column":2},"end":{"line":62,"column":3}},"loc":{"start":{"line":62,"column":19},"end":{"line":77,"column":3}},"line":62},"8":{"name":"(anonymous_8)","decl":{"start":{"line":84,"column":2},"end":{"line":84,"column":3}},"loc":{"start":{"line":84,"column":17},"end":{"line":90,"column":3}},"line":84},"9":{"name":"(anonymous_9)","decl":{"start":{"line":93,"column":2},"end":{"line":93,"column":3}},"loc":{"start":{"line":93,"column":11},"end":{"line":172,"column":3}},"line":93},"10":{"name":"(anonymous_10)","decl":{"start":{"line":98,"column":45},"end":{"line":98,"column":46}},"loc":{"start":{"line":98,"column":54},"end":{"line":121,"column":7}},"line":98},"11":{"name":"(anonymous_11)","decl":{"start":{"line":118,"column":57},"end":{"line":118,"column":58}},"loc":{"start":{"line":118,"column":63},"end":{"line":118,"column":86}},"line":118},"12":{"name":"(anonymous_12)","decl":{"start":{"line":132,"column":64},"end":{"line":132,"column":65}},"loc":{"start":{"line":132,"column":70},"end":{"line":132,"column":86}},"line":132},"13":{"name":"(anonymous_13)","decl":{"start":{"line":137,"column":33},"end":{"line":137,"column":34}},"loc":{"start":{"line":137,"column":38},"end":{"line":137,"column":50}},"line":137},"14":{"name":"(anonymous_14)","decl":{"start":{"line":163,"column":35},"end":{"line":163,"column":36}},"loc":{"start":{"line":163,"column":41},"end":{"line":163,"column":62}},"line":163}},"branchMap":{"0":{"loc":{"start":{"line":35,"column":4},"end":{"line":37,"column":5}},"type":"if","locations":[{"start":{"line":35,"column":4},"end":{"line":37,"column":5}},{"start":{"line":35,"column":4},"end":{"line":37,"column":5}}],"line":35},"1":{"loc":{"start":{"line":47,"column":4},"end":{"line":50,"column":5}},"type":"if","locations":[{"start":{"line":47,"column":4},"end":{"line":50,"column":5}},{"start":{"line":47,"column":4},"end":{"line":50,"column":5}}],"line":47},"2":{"loc":{"start":{"line":55,"column":11},"end":{"line":55,"column":50}},"type":"binary-expr","locations":[{"start":{"line":55,"column":11},"end":{"line":55,"column":21}},{"start":{"line":55,"column":25},"end":{"line":55,"column":50}}],"line":55},"3":{"loc":{"start":{"line":67,"column":6},"end":{"line":69,"column":7}},"type":"if","locations":[{"start":{"line":67,"column":6},"end":{"line":69,"column":7}},{"start":{"line":67,"column":6},"end":{"line":69,"column":7}}],"line":67},"4":{"loc":{"start":{"line":71,"column":4},"end":{"line":76,"column":5}},"type":"if","locations":[{"start":{"line":71,"column":4},"end":{"line":76,"column":5}},{"start":{"line":71,"column":4},"end":{"line":76,"column":5}}],"line":71},"5":{"loc":{"start":{"line":97,"column":4},"end":{"line":124,"column":5}},"type":"if","locations":[{"start":{"line":97,"column":4},"end":{"line":124,"column":5}},{"start":{"line":97,"column":4},"end":{"line":124,"column":5}}],"line":97},"6":{"loc":{"start":{"line":99,"column":8},"end":{"line":105,"column":9}},"type":"if","locations":[{"start":{"line":99,"column":8},"end":{"line":105,"column":9}},{"start":{"line":99,"column":8},"end":{"line":105,"column":9}}],"line":99},"7":{"loc":{"start":{"line":101,"column":10},"end":{"line":103,"column":11}},"type":"if","locations":[{"start":{"line":101,"column":10},"end":{"line":103,"column":11}},{"start":{"line":101,"column":10},"end":{"line":103,"column":11}}],"line":101},"8":{"loc":{"start":{"line":144,"column":23},"end":{"line":144,"column":74}},"type":"cond-expr","locations":[{"start":{"line":144,"column":45},"end":{"line":144,"column":53}},{"start":{"line":144,"column":56},"end":{"line":144,"column":74}}],"line":144}},"s":{"0":1,"1":1,"2":1,"3":6,"4":6,"5":6,"6":6,"7":5,"8":5,"9":0,"10":1,"11":1,"12":1,"13":0,"14":0,"15":1,"16":1,"17":1,"18":1,"19":1,"20":1,"21":0,"22":0,"23":1,"24":0,"25":0,"26":0,"27":0,"28":1,"29":7,"30":7,"31":7,"32":7,"33":1,"34":5,"35":0,"36":0,"37":0,"38":0,"39":5,"40":0,"41":6,"42":7,"43":0,"44":5,"45":0,"46":1},"f":{"0":6,"1":6,"2":5,"3":0,"4":1,"5":1,"6":1,"7":1,"8":1,"9":7,"10":5,"11":0,"12":0,"13":5,"14":0},"b":{"0":[5,0],"1":[1,0],"2":[1,1],"3":[0,0],"4":[0,1],"5":[1,6],"6":[0,5],"7":[0,0],"8":[7,0]},"_coverageSchema":"332fd63041d2c1bcb487cc26dd0d5f7d97098a6c","hash":"a3911ad7e58556a3dd276445a5819dc8e26cceaa"}
,"/Users/andeladeveloper/Desktop/Projeects/checkpoints/checkpoint1/d0-checkpoint1-newsapp/src/component/Footer.jsx": {"path":"/Users/andeladeveloper/Desktop/Projeects/checkpoints/checkpoint1/d0-checkpoint1-newsapp/src/component/Footer.jsx","statementMap":{"0":{"start":{"line":3,"column":15},"end":{"line":12,"column":1}},"1":{"start":{"line":4,"column":2},"end":{"line":11,"column":12}}},"fnMap":{"0":{"name":"(anonymous_0)","decl":{"start":{"line":3,"column":15},"end":{"line":3,"column":16}},"loc":{"start":{"line":3,"column":21},"end":{"line":12,"column":1}},"line":3}},"branchMap":{},"s":{"0":3,"1":12},"f":{"0":12},"b":{},"_coverageSchema":"332fd63041d2c1bcb487cc26dd0d5f7d97098a6c","hash":"9de859a8a430ef7c1764ec6de94bcf083418c6b1"}
,"/Users/andeladeveloper/Desktop/Projeects/checkpoints/checkpoint1/d0-checkpoint1-newsapp/src/component/Header.jsx": {"path":"/Users/andeladeveloper/Desktop/Projeects/checkpoints/checkpoint1/d0-checkpoint1-newsapp/src/component/Header.jsx","statementMap":{"0":{"start":{"line":9,"column":4},"end":{"line":9,"column":17}},"1":{"start":{"line":10,"column":4},"end":{"line":13,"column":6}},"2":{"start":{"line":18,"column":4},"end":{"line":18,"column":29}},"3":{"start":{"line":19,"column":4},"end":{"line":19,"column":38}},"4":{"start":{"line":23,"column":4},"end":{"line":62,"column":14}},"5":{"start":{"line":65,"column":0},"end":{"line":67,"column":2}}},"fnMap":{"0":{"name":"(anonymous_0)","decl":{"start":{"line":8,"column":2},"end":{"line":8,"column":3}},"loc":{"start":{"line":8,"column":21},"end":{"line":14,"column":3}},"line":8},"1":{"name":"(anonymous_1)","decl":{"start":{"line":17,"column":2},"end":{"line":17,"column":3}},"loc":{"start":{"line":17,"column":12},"end":{"line":20,"column":3}},"line":17},"2":{"name":"(anonymous_2)","decl":{"start":{"line":22,"column":2},"end":{"line":22,"column":3}},"loc":{"start":{"line":22,"column":11},"end":{"line":63,"column":3}},"line":22}},"branchMap":{},"s":{"0":11,"1":11,"2":1,"3":1,"4":15,"5":5},"f":{"0":11,"1":1,"2":15},"b":{},"_coverageSchema":"332fd63041d2c1bcb487cc26dd0d5f7d97098a6c","hash":"ff174c037da9d6cdbb60ea368ea71986343237a2"}
,"/Users/andeladeveloper/Desktop/Projeects/checkpoints/checkpoint1/d0-checkpoint1-newsapp/src/component/LoadingComponent.jsx": {"path":"/Users/andeladeveloper/Desktop/Projeects/checkpoints/checkpoint1/d0-checkpoint1-newsapp/src/component/LoadingComponent.jsx","statementMap":{"0":{"start":{"line":4,"column":14},"end":{"line":4,"column":23}},"1":{"start":{"line":5,"column":13},"end":{"line":5,"column":30}},"2":{"start":{"line":7,"column":25},"end":{"line":9,"column":1}},"3":{"start":{"line":8,"column":2},"end":{"line":8,"column":59}}},"fnMap":{"0":{"name":"(anonymous_0)","decl":{"start":{"line":7,"column":25},"end":{"line":7,"column":26}},"loc":{"start":{"line":8,"column":2},"end":{"line":8,"column":59}},"line":8}},"branchMap":{},"s":{"0":3,"1":3,"2":3,"3":8},"f":{"0":8},"b":{},"_coverageSchema":"332fd63041d2c1bcb487cc26dd0d5f7d97098a6c","hash":"7b306ad2118b846d2561582702ac611be162b2a8"}
,"/Users/andeladeveloper/Desktop/Projeects/checkpoints/checkpoint1/d0-checkpoint1-newsapp/src/component/Login.jsx": {"path":"/Users/andeladeveloper/Desktop/Projeects/checkpoints/checkpoint1/d0-checkpoint1-newsapp/src/component/Login.jsx","statementMap":{"0":{"start":{"line":11,"column":4},"end":{"line":11,"column":26}},"1":{"start":{"line":12,"column":4},"end":{"line":12,"column":47}},"2":{"start":{"line":13,"column":4},"end":{"line":16,"column":6}},"3":{"start":{"line":20,"column":4},"end":{"line":22,"column":5}},"4":{"start":{"line":21,"column":6},"end":{"line":21,"column":35}},"5":{"start":{"line":26,"column":4},"end":{"line":26,"column":59}},"6":{"start":{"line":27,"column":4},"end":{"line":27,"column":47}},"7":{"start":{"line":28,"column":4},"end":{"line":30,"column":7}},"8":{"start":{"line":31,"column":4},"end":{"line":31,"column":33}},"9":{"start":{"line":35,"column":4},"end":{"line":39,"column":7}},"10":{"start":{"line":43,"column":4},"end":{"line":74,"column":6}},"11":{"start":{"line":51,"column":36},"end":{"line":51,"column":48}},"12":{"start":{"line":78,"column":0},"end":{"line":80,"column":2}}},"fnMap":{"0":{"name":"(anonymous_0)","decl":{"start":{"line":10,"column":2},"end":{"line":10,"column":3}},"loc":{"start":{"line":10,"column":30},"end":{"line":17,"column":3}},"line":10},"1":{"name":"(anonymous_1)","decl":{"start":{"line":19,"column":2},"end":{"line":19,"column":3}},"loc":{"start":{"line":19,"column":23},"end":{"line":23,"column":3}},"line":19},"2":{"name":"(anonymous_2)","decl":{"start":{"line":25,"column":2},"end":{"line":25,"column":3}},"loc":{"start":{"line":25,"column":22},"end":{"line":32,"column":3}},"line":25},"3":{"name":"(anonymous_3)","decl":{"start":{"line":28,"column":39},"end":{"line":28,"column":40}},"loc":{"start":{"line":28,"column":45},"end":{"line":30,"column":5}},"line":28},"4":{"name":"(anonymous_4)","decl":{"start":{"line":34,"column":2},"end":{"line":34,"column":3}},"loc":{"start":{"line":34,"column":14},"end":{"line":40,"column":3}},"line":34},"5":{"name":"(anonymous_5)","decl":{"start":{"line":42,"column":2},"end":{"line":42,"column":3}},"loc":{"start":{"line":42,"column":11},"end":{"line":75,"column":3}},"line":42},"6":{"name":"(anonymous_6)","decl":{"start":{"line":51,"column":31},"end":{"line":51,"column":32}},"loc":{"start":{"line":51,"column":36},"end":{"line":51,"column":48}},"line":51}},"branchMap":{"0":{"loc":{"start":{"line":20,"column":4},"end":{"line":22,"column":5}},"type":"if","locations":[{"start":{"line":20,"column":4},"end":{"line":22,"column":5}},{"start":{"line":20,"column":4},"end":{"line":22,"column":5}}],"line":20}},"s":{"0":5,"1":5,"2":5,"3":5,"4":0,"5":0,"6":0,"7":0,"8":0,"9":0,"10":5,"11":0,"12":1},"f":{"0":5,"1":5,"2":0,"3":0,"4":0,"5":5,"6":0},"b":{"0":[0,5]},"_coverageSchema":"332fd63041d2c1bcb487cc26dd0d5f7d97098a6c","hash":"fc346b747b821155ee1adb4a8eee2b6a8b2fe7a0"}
,"/Users/andeladeveloper/Desktop/Projeects/checkpoints/checkpoint1/d0-checkpoint1-newsapp/src/component/NoPageFound.jsx": {"path":"/Users/andeladeveloper/Desktop/Projeects/checkpoints/checkpoint1/d0-checkpoint1-newsapp/src/component/NoPageFound.jsx","statementMap":{"0":{"start":{"line":8,"column":4},"end":{"line":34,"column":6}}},"fnMap":{"0":{"name":"(anonymous_0)","decl":{"start":{"line":7,"column":2},"end":{"line":7,"column":3}},"loc":{"start":{"line":7,"column":11},"end":{"line":35,"column":3}},"line":7}},"branchMap":{},"s":{"0":1},"f":{"0":1},"b":{},"_coverageSchema":"332fd63041d2c1bcb487cc26dd0d5f7d97098a6c","hash":"ebaa5cd2a4e865ac1bd01a2b37516a44b0fa40b3"}
,"/Users/andeladeveloper/Desktop/Projeects/checkpoints/checkpoint1/d0-checkpoint1-newsapp/src/component/SearchBar.jsx": {"path":"/Users/andeladeveloper/Desktop/Projeects/checkpoints/checkpoint1/d0-checkpoint1-newsapp/src/component/SearchBar.jsx","statementMap":{"0":{"start":{"line":6,"column":4},"end":{"line":6,"column":17}},"1":{"start":{"line":7,"column":4},"end":{"line":7,"column":51}},"2":{"start":{"line":11,"column":4},"end":{"line":11,"column":49}},"3":{"start":{"line":15,"column":4},"end":{"line":25,"column":6}},"4":{"start":{"line":29,"column":0},"end":{"line":32,"column":2}}},"fnMap":{"0":{"name":"(anonymous_0)","decl":{"start":{"line":5,"column":2},"end":{"line":5,"column":3}},"loc":{"start":{"line":5,"column":21},"end":{"line":8,"column":3}},"line":5},"1":{"name":"(anonymous_1)","decl":{"start":{"line":10,"column":2},"end":{"line":10,"column":3}},"loc":{"start":{"line":10,"column":17},"end":{"line":12,"column":3}},"line":10},"2":{"name":"(anonymous_2)","decl":{"start":{"line":14,"column":2},"end":{"line":14,"column":3}},"loc":{"start":{"line":14,"column":11},"end":{"line":26,"column":3}},"line":14}},"branchMap":{},"s":{"0":9,"1":9,"2":0,"3":13,"4":4},"f":{"0":9,"1":0,"2":13},"b":{},"_coverageSchema":"332fd63041d2c1bcb487cc26dd0d5f7d97098a6c","hash":"ef65a905ed2c92ca7176bb972a9aa05314642da5"}
,"/Users/andeladeveloper/Desktop/Projeects/checkpoints/checkpoint1/d0-checkpoint1-newsapp/src/component/SortHeading.jsx": {"path":"/Users/andeladeveloper/Desktop/Projeects/checkpoints/checkpoint1/d0-checkpoint1-newsapp/src/component/SortHeading.jsx","statementMap":{"0":{"start":{"line":7,"column":4},"end":{"line":7,"column":17}},"1":{"start":{"line":8,"column":4},"end":{"line":10,"column":6}},"2":{"start":{"line":15,"column":4},"end":{"line":17,"column":7}},"3":{"start":{"line":20,"column":19},"end":{"line":20,"column":21}},"4":{"start":{"line":22,"column":4},"end":{"line":28,"column":5}},"5":{"start":{"line":23,"column":6},"end":{"line":27,"column":9}},"6":{"start":{"line":24,"column":8},"end":{"line":26,"column":10}},"7":{"start":{"line":29,"column":4},"end":{"line":38,"column":14}},"8":{"start":{"line":42,"column":0},"end":{"line":44,"column":2}}},"fnMap":{"0":{"name":"(anonymous_0)","decl":{"start":{"line":6,"column":2},"end":{"line":6,"column":3}},"loc":{"start":{"line":6,"column":21},"end":{"line":12,"column":3}},"line":6},"1":{"name":"(anonymous_1)","decl":{"start":{"line":14,"column":2},"end":{"line":14,"column":3}},"loc":{"start":{"line":14,"column":22},"end":{"line":18,"column":3}},"line":14},"2":{"name":"(anonymous_2)","decl":{"start":{"line":19,"column":2},"end":{"line":19,"column":3}},"loc":{"start":{"line":19,"column":11},"end":{"line":39,"column":3}},"line":19},"3":{"name":"(anonymous_3)","decl":{"start":{"line":23,"column":41},"end":{"line":23,"column":42}},"loc":{"start":{"line":23,"column":51},"end":{"line":27,"column":7}},"line":23}},"branchMap":{"0":{"loc":{"start":{"line":22,"column":4},"end":{"line":28,"column":5}},"type":"if","locations":[{"start":{"line":22,"column":4},"end":{"line":28,"column":5}},{"start":{"line":22,"column":4},"end":{"line":28,"column":5}}],"line":22}},"s":{"0":3,"1":3,"2":0,"3":3,"4":3,"5":3,"6":0,"7":3,"8":2},"f":{"0":3,"1":0,"2":3,"3":0},"b":{"0":[3,0]},"_coverageSchema":"332fd63041d2c1bcb487cc26dd0d5f7d97098a6c","hash":"de1fe5aa1f43af3e869bc86f4b415b77ab7e590b"}
,"/Users/andeladeveloper/Desktop/Projeects/checkpoints/checkpoint1/d0-checkpoint1-newsapp/src/component/Sources.jsx": {"path":"/Users/andeladeveloper/Desktop/Projeects/checkpoints/checkpoint1/d0-checkpoint1-newsapp/src/component/Sources.jsx","statementMap":{"0":{"start":{"line":16,"column":4},"end":{"line":16,"column":17}},"1":{"start":{"line":17,"column":4},"end":{"line":23,"column":6}},"2":{"start":{"line":24,"column":4},"end":{"line":24,"column":53}},"3":{"start":{"line":25,"column":4},"end":{"line":25,"column":45}},"4":{"start":{"line":26,"column":4},"end":{"line":28,"column":5}},"5":{"start":{"line":27,"column":6},"end":{"line":27,"column":40}},"6":{"start":{"line":32,"column":4},"end":{"line":32,"column":33}},"7":{"start":{"line":36,"column":6},"end":{"line":36,"column":49}},"8":{"start":{"line":40,"column":4},"end":{"line":40,"column":50}},"9":{"start":{"line":44,"column":4},"end":{"line":46,"column":7}},"10":{"start":{"line":50,"column":4},"end":{"line":52,"column":7}},"11":{"start":{"line":56,"column":4},"end":{"line":56,"column":86}},"12":{"start":{"line":60,"column":16},"end":{"line":60,"column":17}},"13":{"start":{"line":61,"column":21},"end":{"line":80,"column":6}},"14":{"start":{"line":62,"column":6},"end":{"line":68,"column":7}},"15":{"start":{"line":63,"column":9},"end":{"line":63,"column":19}},"16":{"start":{"line":64,"column":10},"end":{"line":66,"column":11}},"17":{"start":{"line":65,"column":12},"end":{"line":65,"column":76}},"18":{"start":{"line":67,"column":8},"end":{"line":67,"column":18}},"19":{"start":{"line":69,"column":6},"end":{"line":79,"column":8}},"20":{"start":{"line":70,"column":27},"end":{"line":70,"column":56}},"21":{"start":{"line":82,"column":4},"end":{"line":104,"column":6}},"22":{"start":{"line":108,"column":0},"end":{"line":110,"column":2}}},"fnMap":{"0":{"name":"(anonymous_0)","decl":{"start":{"line":15,"column":2},"end":{"line":15,"column":3}},"loc":{"start":{"line":15,"column":21},"end":{"line":29,"column":3}},"line":15},"1":{"name":"(anonymous_1)","decl":{"start":{"line":31,"column":2},"end":{"line":31,"column":3}},"loc":{"start":{"line":31,"column":23},"end":{"line":33,"column":3}},"line":31},"2":{"name":"(anonymous_2)","decl":{"start":{"line":35,"column":2},"end":{"line":35,"column":3}},"loc":{"start":{"line":35,"column":22},"end":{"line":37,"column":3}},"line":35},"3":{"name":"(anonymous_3)","decl":{"start":{"line":39,"column":2},"end":{"line":39,"column":3}},"loc":{"start":{"line":39,"column":25},"end":{"line":41,"column":3}},"line":39},"4":{"name":"(anonymous_4)","decl":{"start":{"line":43,"column":2},"end":{"line":43,"column":3}},"loc":{"start":{"line":43,"column":13},"end":{"line":47,"column":3}},"line":43},"5":{"name":"(anonymous_5)","decl":{"start":{"line":49,"column":2},"end":{"line":49,"column":3}},"loc":{"start":{"line":49,"column":29},"end":{"line":53,"column":3}},"line":49},"6":{"name":"(anonymous_6)","decl":{"start":{"line":55,"column":21},"end":{"line":55,"column":22}},"loc":{"start":{"line":55,"column":31},"end":{"line":57,"column":3}},"line":55},"7":{"name":"(anonymous_7)","decl":{"start":{"line":59,"column":2},"end":{"line":59,"column":3}},"loc":{"start":{"line":59,"column":11},"end":{"line":105,"column":3}},"line":59},"8":{"name":"(anonymous_8)","decl":{"start":{"line":61,"column":44},"end":{"line":61,"column":45}},"loc":{"start":{"line":61,"column":56},"end":{"line":80,"column":5}},"line":61},"9":{"name":"(anonymous_9)","decl":{"start":{"line":70,"column":21},"end":{"line":70,"column":22}},"loc":{"start":{"line":70,"column":27},"end":{"line":70,"column":56}},"line":70}},"branchMap":{"0":{"loc":{"start":{"line":26,"column":4},"end":{"line":28,"column":5}},"type":"if","locations":[{"start":{"line":26,"column":4},"end":{"line":28,"column":5}},{"start":{"line":26,"column":4},"end":{"line":28,"column":5}}],"line":26},"1":{"loc":{"start":{"line":62,"column":6},"end":{"line":68,"column":7}},"type":"if","locations":[{"start":{"line":62,"column":6},"end":{"line":68,"column":7}},{"start":{"line":62,"column":6},"end":{"line":68,"column":7}}],"line":62},"2":{"loc":{"start":{"line":64,"column":10},"end":{"line":66,"column":11}},"type":"if","locations":[{"start":{"line":64,"column":10},"end":{"line":66,"column":11}},{"start":{"line":64,"column":10},"end":{"line":66,"column":11}}],"line":64},"3":{"loc":{"start":{"line":96,"column":21},"end":{"line":96,"column":74}},"type":"cond-expr","locations":[{"start":{"line":96,"column":43},"end":{"line":96,"column":51}},{"start":{"line":96,"column":54},"end":{"line":96,"column":74}}],"line":96}},"s":{"0":4,"1":4,"2":4,"3":4,"4":4,"5":4,"6":4,"7":3,"8":1,"9":4,"10":0,"11":1,"12":9,"13":9,"14":2,"15":0,"16":0,"17":0,"18":0,"19":2,"20":0,"21":9,"22":1},"f":{"0":4,"1":4,"2":3,"3":1,"4":4,"5":0,"6":1,"7":9,"8":2,"9":0},"b":{"0":[4,0],"1":[0,2],"2":[0,0],"3":[1,8]},"_coverageSchema":"332fd63041d2c1bcb487cc26dd0d5f7d97098a6c","hash":"5a1bad013ecb0a6e901b505e481f7dba45532f09"}
,"/Users/andeladeveloper/Desktop/Projeects/checkpoints/checkpoint1/d0-checkpoint1-newsapp/src/constants/AppConstants.jsx": {"path":"/Users/andeladeveloper/Desktop/Projeects/checkpoints/checkpoint1/d0-checkpoint1-newsapp/src/constants/AppConstants.jsx","statementMap":{},"fnMap":{},"branchMap":{},"s":{},"f":{},"b":{},"_coverageSchema":"332fd63041d2c1bcb487cc26dd0d5f7d97098a6c","hash":"d3912613a02fc881ca3a085de404b70af227cf8f"}
,"/Users/andeladeveloper/Desktop/Projeects/checkpoints/checkpoint1/d0-checkpoint1-newsapp/src/stores/AuthStore.jsx": {"path":"/Users/andeladeveloper/Desktop/Projeects/checkpoints/checkpoint1/d0-checkpoint1-newsapp/src/stores/AuthStore.jsx","statementMap":{"0":{"start":{"line":6,"column":21},"end":{"line":6,"column":29}},"1":{"start":{"line":9,"column":2},"end":{"line":11,"column":3}},"2":{"start":{"line":10,"column":4},"end":{"line":10,"column":69}},"3":{"start":{"line":15,"column":2},"end":{"line":15,"column":45}},"4":{"start":{"line":20,"column":4},"end":{"line":20,"column":28}},"5":{"start":{"line":24,"column":4},"end":{"line":24,"column":36}},"6":{"start":{"line":28,"column":4},"end":{"line":28,"column":48}},"7":{"start":{"line":32,"column":4},"end":{"line":34,"column":5}},"8":{"start":{"line":33,"column":6},"end":{"line":33,"column":18}},"9":{"start":{"line":35,"column":4},"end":{"line":35,"column":17}},"10":{"start":{"line":38,"column":4},"end":{"line":41,"column":5}},"11":{"start":{"line":39,"column":23},"end":{"line":39,"column":74}},"12":{"start":{"line":40,"column":6},"end":{"line":40,"column":33}},"13":{"start":{"line":42,"column":4},"end":{"line":42,"column":26}},"14":{"start":{"line":45,"column":4},"end":{"line":48,"column":5}},"15":{"start":{"line":46,"column":24},"end":{"line":46,"column":75}},"16":{"start":{"line":47,"column":6},"end":{"line":47,"column":29}},"17":{"start":{"line":49,"column":4},"end":{"line":49,"column":21}},"18":{"start":{"line":53,"column":18},"end":{"line":53,"column":38}},"19":{"start":{"line":55,"column":0},"end":{"line":69,"column":3}},"20":{"start":{"line":56,"column":2},"end":{"line":68,"column":3}},"21":{"start":{"line":58,"column":6},"end":{"line":58,"column":44}},"22":{"start":{"line":59,"column":6},"end":{"line":59,"column":29}},"23":{"start":{"line":60,"column":6},"end":{"line":60,"column":12}},"24":{"start":{"line":63,"column":6},"end":{"line":63,"column":19}},"25":{"start":{"line":64,"column":6},"end":{"line":64,"column":29}},"26":{"start":{"line":65,"column":6},"end":{"line":65,"column":12}}},"fnMap":{"0":{"name":"setUser","decl":{"start":{"line":8,"column":16},"end":{"line":8,"column":23}},"loc":{"start":{"line":8,"column":33},"end":{"line":12,"column":1}},"line":8},"1":{"name":"removeUser","decl":{"start":{"line":14,"column":16},"end":{"line":14,"column":26}},"loc":{"start":{"line":14,"column":29},"end":{"line":16,"column":1}},"line":14},"2":{"name":"(anonymous_2)","decl":{"start":{"line":19,"column":2},"end":{"line":19,"column":3}},"loc":{"start":{"line":19,"column":15},"end":{"line":21,"column":3}},"line":19},"3":{"name":"(anonymous_3)","decl":{"start":{"line":23,"column":2},"end":{"line":23,"column":3}},"loc":{"start":{"line":23,"column":30},"end":{"line":25,"column":3}},"line":23},"4":{"name":"(anonymous_4)","decl":{"start":{"line":27,"column":2},"end":{"line":27,"column":3}},"loc":{"start":{"line":27,"column":33},"end":{"line":29,"column":3}},"line":27},"5":{"name":"(anonymous_5)","decl":{"start":{"line":31,"column":2},"end":{"line":31,"column":3}},"loc":{"start":{"line":31,"column":20},"end":{"line":36,"column":3}},"line":31},"6":{"name":"(anonymous_6)","decl":{"start":{"line":37,"column":2},"end":{"line":37,"column":3}},"loc":{"start":{"line":37,"column":16},"end":{"line":43,"column":3}},"line":37},"7":{"name":"(anonymous_7)","decl":{"start":{"line":44,"column":2},"end":{"line":44,"column":3}},"loc":{"start":{"line":44,"column":17},"end":{"line":50,"column":3}},"line":44},"8":{"name":"(anonymous_8)","decl":{"start":{"line":55,"column":49},"end":{"line":55,"column":50}},"loc":{"start":{"line":55,"column":61},"end":{"line":69,"column":1}},"line":55}},"branchMap":{"0":{"loc":{"start":{"line":9,"column":2},"end":{"line":11,"column":3}},"type":"if","locations":[{"start":{"line":9,"column":2},"end":{"line":11,"column":3}},{"start":{"line":9,"column":2},"end":{"line":11,"column":3}}],"line":9},"1":{"loc":{"start":{"line":32,"column":4},"end":{"line":34,"column":5}},"type":"if","locations":[{"start":{"line":32,"column":4},"end":{"line":34,"column":5}},{"start":{"line":32,"column":4},"end":{"line":34,"column":5}}],"line":32},"2":{"loc":{"start":{"line":38,"column":4},"end":{"line":41,"column":5}},"type":"if","locations":[{"start":{"line":38,"column":4},"end":{"line":41,"column":5}},{"start":{"line":38,"column":4},"end":{"line":41,"column":5}}],"line":38},"3":{"loc":{"start":{"line":45,"column":4},"end":{"line":48,"column":5}},"type":"if","locations":[{"start":{"line":45,"column":4},"end":{"line":48,"column":5}},{"start":{"line":45,"column":4},"end":{"line":48,"column":5}}],"line":45},"4":{"loc":{"start":{"line":56,"column":2},"end":{"line":68,"column":3}},"type":"switch","locations":[{"start":{"line":57,"column":4},"end":{"line":60,"column":12}},{"start":{"line":62,"column":4},"end":{"line":65,"column":12}},{"start":{"line":67,"column":4},"end":{"line":67,"column":12}}],"line":56}},"s":{"0":8,"1":1,"2":0,"3":2,"4":2,"5":1,"6":1,"7":20,"8":1,"9":19,"10":16,"11":1,"12":1,"13":15,"14":46,"15":4,"16":4,"17":42,"18":8,"19":8,"20":6,"21":0,"22":0,"23":0,"24":1,"25":1,"26":1},"f":{"0":1,"1":2,"2":2,"3":1,"4":1,"5":20,"6":16,"7":46,"8":6},"b":{"0":[0,1],"1":[1,19],"2":[1,15],"3":[4,42],"4":[0,1,5]},"_coverageSchema":"332fd63041d2c1bcb487cc26dd0d5f7d97098a6c","hash":"cc83e2d6a0d25f8b74107942ad26e5af8bf6cd30"}
,"/Users/andeladeveloper/Desktop/Projeects/checkpoints/checkpoint1/d0-checkpoint1-newsapp/src/stores/NewsStore.jsx": {"path":"/Users/andeladeveloper/Desktop/Projeects/checkpoints/checkpoint1/d0-checkpoint1-newsapp/src/stores/NewsStore.jsx","statementMap":{"0":{"start":{"line":6,"column":21},"end":{"line":6,"column":29}},"1":{"start":{"line":8,"column":14},"end":{"line":8,"column":16}},"2":{"start":{"line":9,"column":17},"end":{"line":9,"column":19}},"3":{"start":{"line":12,"column":16},"end":{"line":12,"column":18}},"4":{"start":{"line":13,"column":2},"end":{"line":18,"column":3}},"5":{"start":{"line":14,"column":4},"end":{"line":14,"column":73}},"6":{"start":{"line":15,"column":4},"end":{"line":15,"column":23}},"7":{"start":{"line":17,"column":4},"end":{"line":17,"column":23}},"8":{"start":{"line":19,"column":2},"end":{"line":19,"column":52}},"9":{"start":{"line":20,"column":2},"end":{"line":20,"column":74}},"10":{"start":{"line":24,"column":2},"end":{"line":24,"column":16}},"11":{"start":{"line":28,"column":2},"end":{"line":28,"column":24}},"12":{"start":{"line":34,"column":4},"end":{"line":34,"column":28}},"13":{"start":{"line":38,"column":4},"end":{"line":38,"column":36}},"14":{"start":{"line":42,"column":4},"end":{"line":42,"column":48}},"15":{"start":{"line":46,"column":4},"end":{"line":46,"column":19}},"16":{"start":{"line":50,"column":4},"end":{"line":50,"column":22}},"17":{"start":{"line":54,"column":4},"end":{"line":56,"column":5}},"18":{"start":{"line":55,"column":6},"end":{"line":55,"column":72}},"19":{"start":{"line":57,"column":4},"end":{"line":57,"column":55}},"20":{"start":{"line":58,"column":4},"end":{"line":58,"column":58}},"21":{"start":{"line":63,"column":18},"end":{"line":63,"column":38}},"22":{"start":{"line":65,"column":0},"end":{"line":93,"column":3}},"23":{"start":{"line":66,"column":2},"end":{"line":92,"column":3}},"24":{"start":{"line":68,"column":6},"end":{"line":68,"column":33}},"25":{"start":{"line":69,"column":6},"end":{"line":69,"column":29}},"26":{"start":{"line":70,"column":6},"end":{"line":70,"column":12}},"27":{"start":{"line":73,"column":6},"end":{"line":73,"column":31}},"28":{"start":{"line":74,"column":6},"end":{"line":74,"column":29}},"29":{"start":{"line":75,"column":6},"end":{"line":75,"column":12}},"30":{"start":{"line":78,"column":6},"end":{"line":78,"column":39}},"31":{"start":{"line":79,"column":6},"end":{"line":79,"column":29}},"32":{"start":{"line":80,"column":6},"end":{"line":80,"column":12}},"33":{"start":{"line":83,"column":6},"end":{"line":83,"column":29}},"34":{"start":{"line":84,"column":6},"end":{"line":84,"column":12}},"35":{"start":{"line":87,"column":6},"end":{"line":87,"column":26}},"36":{"start":{"line":88,"column":6},"end":{"line":88,"column":29}},"37":{"start":{"line":89,"column":6},"end":{"line":89,"column":12}}},"fnMap":{"0":{"name":"setFavorite","decl":{"start":{"line":11,"column":16},"end":{"line":11,"column":27}},"loc":{"start":{"line":11,"column":34},"end":{"line":21,"column":1}},"line":11},"1":{"name":"setSources","decl":{"start":{"line":23,"column":16},"end":{"line":23,"column":26}},"loc":{"start":{"line":23,"column":32},"end":{"line":25,"column":1}},"line":23},"2":{"name":"setFilterSource","decl":{"start":{"line":27,"column":16},"end":{"line":27,"column":31}},"loc":{"start":{"line":27,"column":42},"end":{"line":29,"column":1}},"line":27},"3":{"name":"(anonymous_3)","decl":{"start":{"line":33,"column":2},"end":{"line":33,"column":3}},"loc":{"start":{"line":33,"column":15},"end":{"line":35,"column":3}},"line":33},"4":{"name":"(anonymous_4)","decl":{"start":{"line":37,"column":2},"end":{"line":37,"column":3}},"loc":{"start":{"line":37,"column":30},"end":{"line":39,"column":3}},"line":37},"5":{"name":"(anonymous_5)","decl":{"start":{"line":41,"column":2},"end":{"line":41,"column":3}},"loc":{"start":{"line":41,"column":33},"end":{"line":43,"column":3}},"line":41},"6":{"name":"(anonymous_6)","decl":{"start":{"line":45,"column":2},"end":{"line":45,"column":3}},"loc":{"start":{"line":45,"column":15},"end":{"line":47,"column":3}},"line":45},"7":{"name":"(anonymous_7)","decl":{"start":{"line":49,"column":2},"end":{"line":49,"column":3}},"loc":{"start":{"line":49,"column":20},"end":{"line":51,"column":3}},"line":49},"8":{"name":"(anonymous_8)","decl":{"start":{"line":53,"column":2},"end":{"line":53,"column":3}},"loc":{"start":{"line":53,"column":20},"end":{"line":59,"column":3}},"line":53},"9":{"name":"(anonymous_9)","decl":{"start":{"line":65,"column":49},"end":{"line":65,"column":50}},"loc":{"start":{"line":65,"column":61},"end":{"line":93,"column":1}},"line":65}},"branchMap":{"0":{"loc":{"start":{"line":13,"column":2},"end":{"line":18,"column":3}},"type":"if","locations":[{"start":{"line":13,"column":2},"end":{"line":18,"column":3}},{"start":{"line":13,"column":2},"end":{"line":18,"column":3}}],"line":13},"1":{"loc":{"start":{"line":54,"column":4},"end":{"line":56,"column":5}},"type":"if","locations":[{"start":{"line":54,"column":4},"end":{"line":56,"column":5}},{"start":{"line":54,"column":4},"end":{"line":56,"column":5}}],"line":54},"2":{"loc":{"start":{"line":66,"column":2},"end":{"line":92,"column":3}},"type":"switch","locations":[{"start":{"line":67,"column":4},"end":{"line":70,"column":12}},{"start":{"line":72,"column":4},"end":{"line":75,"column":12}},{"start":{"line":77,"column":4},"end":{"line":80,"column":12}},{"start":{"line":82,"column":4},"end":{"line":84,"column":12}},{"start":{"line":86,"column":4},"end":{"line":89,"column":12}},{"start":{"line":91,"column":4},"end":{"line":91,"column":12}}],"line":66}},"s":{"0":4,"1":4,"2":4,"3":1,"4":1,"5":0,"6":0,"7":1,"8":1,"9":1,"10":1,"11":3,"12":6,"13":4,"14":3,"15":5,"16":1,"17":9,"18":0,"19":9,"20":9,"21":4,"22":4,"23":5,"24":0,"25":0,"26":0,"27":0,"28":0,"29":0,"30":0,"31":0,"32":0,"33":2,"34":2,"35":3,"36":3,"37":3},"f":{"0":1,"1":1,"2":3,"3":6,"4":4,"5":3,"6":5,"7":1,"8":9,"9":5},"b":{"0":[0,1],"1":[0,9],"2":[0,0,0,2,3,0]},"_coverageSchema":"332fd63041d2c1bcb487cc26dd0d5f7d97098a6c","hash":"e08dbe5e5f5495f54f0ea47dd5ad1bf56ef96750"}
,"/Users/andeladeveloper/Desktop/Projeects/checkpoints/checkpoint1/d0-checkpoint1-newsapp/src/utils/NewsAPI.jsx": {"path":"/Users/andeladeveloper/Desktop/Projeects/checkpoints/checkpoint1/d0-checkpoint1-newsapp/src/utils/NewsAPI.jsx","statementMap":{"0":{"start":{"line":5,"column":4},"end":{"line":13,"column":7}},"1":{"start":{"line":6,"column":6},"end":{"line":12,"column":9}},"2":{"start":{"line":8,"column":8},"end":{"line":8,"column":36}},"3":{"start":{"line":11,"column":8},"end":{"line":11,"column":33}},"4":{"start":{"line":11,"column":19},"end":{"line":11,"column":33}},"5":{"start":{"line":17,"column":4},"end":{"line":25,"column":7}},"6":{"start":{"line":18,"column":6},"end":{"line":24,"column":9}},"7":{"start":{"line":20,"column":8},"end":{"line":20,"column":35}},"8":{"start":{"line":23,"column":8},"end":{"line":23,"column":31}}},"fnMap":{"0":{"name":"(anonymous_0)","decl":{"start":{"line":4,"column":14},"end":{"line":4,"column":15}},"loc":{"start":{"line":4,"column":23},"end":{"line":14,"column":3}},"line":4},"1":{"name":"(anonymous_1)","decl":{"start":{"line":5,"column":23},"end":{"line":5,"column":24}},"loc":{"start":{"line":5,"column":44},"end":{"line":13,"column":5}},"line":5},"2":{"name":"(anonymous_2)","decl":{"start":{"line":7,"column":12},"end":{"line":7,"column":13}},"loc":{"start":{"line":7,"column":21},"end":{"line":9,"column":7}},"line":7},"3":{"name":"(anonymous_3)","decl":{"start":{"line":10,"column":13},"end":{"line":10,"column":14}},"loc":{"start":{"line":10,"column":24},"end":{"line":12,"column":7}},"line":10},"4":{"name":"(anonymous_4)","decl":{"start":{"line":17,"column":23},"end":{"line":17,"column":24}},"loc":{"start":{"line":17,"column":44},"end":{"line":25,"column":5}},"line":17},"5":{"name":"(anonymous_5)","decl":{"start":{"line":19,"column":12},"end":{"line":19,"column":13}},"loc":{"start":{"line":19,"column":21},"end":{"line":21,"column":7}},"line":19},"6":{"name":"(anonymous_6)","decl":{"start":{"line":22,"column":13},"end":{"line":22,"column":14}},"loc":{"start":{"line":22,"column":24},"end":{"line":24,"column":7}},"line":22}},"branchMap":{"0":{"loc":{"start":{"line":11,"column":8},"end":{"line":11,"column":33}},"type":"if","locations":[{"start":{"line":11,"column":8},"end":{"line":11,"column":33}},{"start":{"line":11,"column":8},"end":{"line":11,"column":33}}],"line":11}},"s":{"0":5,"1":5,"2":1,"3":2,"4":2,"5":6,"6":6,"7":1,"8":3},"f":{"0":5,"1":5,"2":1,"3":2,"4":6,"5":1,"6":3},"b":{"0":[2,0]},"_coverageSchema":"332fd63041d2c1bcb487cc26dd0d5f7d97098a6c","hash":"cf5ad48deae56bcc658c54fd5a16a63d61c329cf"}
,"/Users/andeladeveloper/Desktop/Projeects/checkpoints/checkpoint1/d0-checkpoint1-newsapp/test/mock/mock.js": {"path":"/Users/andeladeveloper/Desktop/Projeects/checkpoints/checkpoint1/d0-checkpoint1-newsapp/test/mock/mock.js","statementMap":{"0":{"start":{"line":1,"column":16},"end":{"line":3,"column":426}},"1":{"start":{"line":5,"column":17},"end":{"line":9,"column":487}},"2":{"start":{"line":11,"column":25},"end":{"line":11,"column":362}},"3":{"start":{"line":13,"column":17},"end":{"line":17,"column":1}},"4":{"start":{"line":19,"column":19},"end":{"line":25,"column":40}},"5":{"start":{"line":28,"column":8},"end":{"line":33,"column":38}},"6":{"start":{"line":35,"column":17},"end":{"line":35,"column":37}}},"fnMap":{},"branchMap":{},"s":{"0":7,"1":7,"2":7,"3":7,"4":7,"5":7,"6":7},"f":{},"b":{},"_coverageSchema":"332fd63041d2c1bcb487cc26dd0d5f7d97098a6c","hash":"2d2ca804d49065b55e4ec3e9dab5039d0febf772"}
,"/Users/andeladeveloper/Desktop/Projeects/checkpoints/checkpoint1/d0-checkpoint1-newsapp/test/mock/test_helper.js": {"path":"/Users/andeladeveloper/Desktop/Projeects/checkpoints/checkpoint1/d0-checkpoint1-newsapp/test/mock/test_helper.js","statementMap":{"0":{"start":{"line":1,"column":25},"end":{"line":17,"column":4}},"1":{"start":{"line":2,"column":14},"end":{"line":2,"column":16}},"2":{"start":{"line":3,"column":2},"end":{"line":16,"column":4}},"3":{"start":{"line":5,"column":6},"end":{"line":5,"column":24}},"4":{"start":{"line":8,"column":6},"end":{"line":8,"column":36}},"5":{"start":{"line":11,"column":6},"end":{"line":11,"column":17}},"6":{"start":{"line":14,"column":6},"end":{"line":14,"column":24}},"7":{"start":{"line":18,"column":0},"end":{"line":18,"column":75}}},"fnMap":{"0":{"name":"(anonymous_0)","decl":{"start":{"line":1,"column":26},"end":{"line":1,"column":27}},"loc":{"start":{"line":1,"column":32},"end":{"line":17,"column":1}},"line":1},"1":{"name":"(anonymous_1)","decl":{"start":{"line":4,"column":13},"end":{"line":4,"column":14}},"loc":{"start":{"line":4,"column":22},"end":{"line":6,"column":5}},"line":4},"2":{"name":"(anonymous_2)","decl":{"start":{"line":7,"column":13},"end":{"line":7,"column":14}},"loc":{"start":{"line":7,"column":29},"end":{"line":9,"column":5}},"line":7},"3":{"name":"(anonymous_3)","decl":{"start":{"line":10,"column":11},"end":{"line":10,"column":12}},"loc":{"start":{"line":10,"column":17},"end":{"line":12,"column":5}},"line":10},"4":{"name":"(anonymous_4)","decl":{"start":{"line":13,"column":16},"end":{"line":13,"column":17}},"loc":{"start":{"line":13,"column":25},"end":{"line":15,"column":5}},"line":13}},"branchMap":{},"s":{"0":11,"1":11,"2":11,"3":114,"4":18,"5":0,"6":7,"7":11},"f":{"0":11,"1":114,"2":18,"3":0,"4":7},"b":{},"_coverageSchema":"332fd63041d2c1bcb487cc26dd0d5f7d97098a6c","hash":"72d289e369574fea4e29778b883a3e04b19a3888"}
}
