TN:
SF:/Users/andeladeveloper/Desktop/Projeects/checkpoints/checkpoint1/d0-checkpoint1-newsapp/src/AppDispatcher/AppDispatcher.jsx
FNF:0
FNH:0
DA:3,10
LF:1
LH:1
BRF:0
BRH:0
end_of_record
TN:
SF:/Users/andeladeveloper/Desktop/Projeects/checkpoints/checkpoint1/d0-checkpoint1-newsapp/src/actions/AuthActions.jsx
FN:6,(anonymous_0)
FN:14,(anonymous_1)
FNF:2
FNH:2
FNDA:1,(anonymous_0)
FNDA:2,(anonymous_1)
DA:4,7
DA:7,1
DA:11,1
DA:15,2
DA:18,2
LF:5
LH:5
BRF:0
BRH:0
end_of_record
TN:
SF:/Users/andeladeveloper/Desktop/Projeects/checkpoints/checkpoint1/d0-checkpoint1-newsapp/src/actions/NewsActions.jsx
FN:7,(anonymous_0)
FN:14,(anonymous_1)
FN:17,(anonymous_2)
FN:23,(anonymous_3)
FN:31,(anonymous_4)
FN:34,(anonymous_5)
FN:40,(anonymous_6)
FNF:7
FNH:7
FNDA:1,(anonymous_0)
FNDA:5,(anonymous_1)
FNDA:1,(anonymous_2)
FNDA:2,(anonymous_3)
FNDA:6,(anonymous_4)
FNDA:1,(anonymous_5)
FNDA:3,(anonymous_6)
DA:8,1
DA:15,5
DA:18,1
DA:24,2
DA:32,6
DA:35,1
DA:41,3
LF:7
LH:7
BRF:0
BRH:0
end_of_record
TN:
SF:/Users/andeladeveloper/Desktop/Projeects/checkpoints/checkpoint1/d0-checkpoint1-newsapp/src/component/Articles.jsx
FN:30,(anonymous_0)
FN:48,(anonymous_1)
FN:58,(anonymous_2)
FN:68,(anonymous_3)
FN:79,(anonymous_4)
FN:87,(anonymous_5)
FN:98,(anonymous_6)
FN:109,(anonymous_7)
FN:122,(anonymous_8)
FN:124,(anonymous_9)
FN:152,(anonymous_10)
FN:187,(anonymous_11)
FNF:12
FNH:7
FNDA:4,(anonymous_0)
FNDA:4,(anonymous_1)
FNDA:0,(anonymous_2)
FNDA:1,(anonymous_3)
FNDA:1,(anonymous_4)
FNDA:0,(anonymous_5)
FNDA:1,(anonymous_6)
FNDA:0,(anonymous_7)
FNDA:7,(anonymous_8)
FNDA:5,(anonymous_9)
FNDA:0,(anonymous_10)
FNDA:0,(anonymous_11)
DA:15,1
DA:17,1
DA:18,1
DA:31,4
DA:32,4
DA:39,4
DA:40,4
DA:49,4
DA:59,0
DA:69,1
DA:70,1
DA:71,1
DA:80,1
DA:88,0
DA:99,1
DA:110,0
DA:111,0
DA:123,7
DA:124,7
DA:125,5
DA:126,0
DA:127,0
DA:128,0
DA:131,0
DA:133,5
DA:152,0
DA:171,7
DA:187,0
DA:205,1
LF:29
LH:19
BRDA:125,0,0,0
BRDA:125,0,1,5
BRDA:127,1,0,0
BRDA:127,1,1,0
BRDA:191,2,0,1
BRDA:191,2,1,6
BRF:6
BRH:3
end_of_record
TN:
SF:/Users/andeladeveloper/Desktop/Projeects/checkpoints/checkpoint1/d0-checkpoint1-newsapp/src/component/FavoriteNews.jsx
FN:18,(anonymous_0)
FN:28,(anonymous_1)
FN:34,(anonymous_2)
FN:40,(anonymous_3)
FN:46,(anonymous_4)
FN:54,(anonymous_5)
FN:58,(anonymous_6)
FN:62,(anonymous_7)
FN:84,(anonymous_8)
FN:93,(anonymous_9)
FN:98,(anonymous_10)
FN:118,(anonymous_11)
FN:132,(anonymous_12)
FN:137,(anonymous_13)
FN:163,(anonymous_14)
FNF:15
FNH:11
FNDA:6,(anonymous_0)
FNDA:6,(anonymous_1)
FNDA:5,(anonymous_2)
FNDA:0,(anonymous_3)
FNDA:1,(anonymous_4)
FNDA:1,(anonymous_5)
FNDA:1,(anonymous_6)
FNDA:1,(anonymous_7)
FNDA:1,(anonymous_8)
FNDA:7,(anonymous_9)
FNDA:5,(anonymous_10)
FNDA:0,(anonymous_11)
FNDA:0,(anonymous_12)
FNDA:5,(anonymous_13)
FNDA:0,(anonymous_14)
DA:12,1
DA:14,1
DA:15,1
DA:19,6
DA:20,6
DA:25,6
DA:29,6
DA:35,5
DA:36,5
DA:41,0
DA:47,1
DA:48,1
DA:49,1
DA:51,0
DA:52,0
DA:55,1
DA:59,1
DA:63,1
DA:64,1
DA:65,1
DA:66,1
DA:67,0
DA:68,0
DA:71,1
DA:72,0
DA:73,0
DA:74,0
DA:75,0
DA:85,1
DA:94,7
DA:95,7
DA:96,7
DA:97,7
DA:98,1
DA:99,5
DA:100,0
DA:101,0
DA:102,0
DA:104,0
DA:106,5
DA:118,0
DA:123,6
DA:126,7
DA:132,0
DA:137,5
DA:163,0
DA:175,1
LF:47
LH:31
BRDA:35,0,0,5
BRDA:35,0,1,0
BRDA:47,1,0,1
BRDA:47,1,1,0
BRDA:55,2,0,1
BRDA:55,2,1,1
BRDA:67,3,0,0
BRDA:67,3,1,0
BRDA:71,4,0,0
BRDA:71,4,1,1
BRDA:97,5,0,1
BRDA:97,5,1,6
BRDA:99,6,0,0
BRDA:99,6,1,5
BRDA:101,7,0,0
BRDA:101,7,1,0
BRDA:144,8,0,7
BRDA:144,8,1,0
BRF:18
BRH:9
end_of_record
TN:
SF:/Users/andeladeveloper/Desktop/Projeects/checkpoints/checkpoint1/d0-checkpoint1-newsapp/src/component/Footer.jsx
FN:3,(anonymous_0)
FNF:1
FNH:1
FNDA:12,(anonymous_0)
DA:3,3
DA:4,12
LF:2
LH:2
BRF:0
BRH:0
end_of_record
TN:
SF:/Users/andeladeveloper/Desktop/Projeects/checkpoints/checkpoint1/d0-checkpoint1-newsapp/src/component/Header.jsx
FN:8,(anonymous_0)
FN:17,(anonymous_1)
FN:22,(anonymous_2)
FNF:3
FNH:3
FNDA:11,(anonymous_0)
FNDA:1,(anonymous_1)
FNDA:15,(anonymous_2)
DA:9,11
DA:10,11
DA:18,1
DA:19,1
DA:23,15
DA:65,5
LF:6
LH:6
BRF:0
BRH:0
end_of_record
TN:
SF:/Users/andeladeveloper/Desktop/Projeects/checkpoints/checkpoint1/d0-checkpoint1-newsapp/src/component/LoadingComponent.jsx
FN:7,(anonymous_0)
FNF:1
FNH:1
FNDA:8,(anonymous_0)
DA:4,3
DA:5,3
DA:7,3
DA:8,8
LF:4
LH:4
BRF:0
BRH:0
end_of_record
TN:
SF:/Users/andeladeveloper/Desktop/Projeects/checkpoints/checkpoint1/d0-checkpoint1-newsapp/src/component/Login.jsx
FN:10,(anonymous_0)
FN:19,(anonymous_1)
FN:25,(anonymous_2)
FN:28,(anonymous_3)
FN:34,(anonymous_4)
FN:42,(anonymous_5)
FN:51,(anonymous_6)
FNF:7
FNH:3
FNDA:5,(anonymous_0)
FNDA:5,(anonymous_1)
FNDA:0,(anonymous_2)
FNDA:0,(anonymous_3)
FNDA:0,(anonymous_4)
FNDA:5,(anonymous_5)
FNDA:0,(anonymous_6)
DA:11,5
DA:12,5
DA:13,5
DA:20,5
DA:21,0
DA:26,0
DA:27,0
DA:28,0
DA:31,0
DA:35,0
DA:43,5
DA:51,0
DA:78,1
LF:13
LH:6
BRDA:20,0,0,0
BRDA:20,0,1,5
BRF:2
BRH:1
end_of_record
TN:
SF:/Users/andeladeveloper/Desktop/Projeects/checkpoints/checkpoint1/d0-checkpoint1-newsapp/src/component/NoPageFound.jsx
FN:7,(anonymous_0)
FNF:1
FNH:1
FNDA:1,(anonymous_0)
DA:8,1
LF:1
LH:1
BRF:0
BRH:0
end_of_record
TN:
SF:/Users/andeladeveloper/Desktop/Projeects/checkpoints/checkpoint1/d0-checkpoint1-newsapp/src/component/SearchBar.jsx
FN:5,(anonymous_0)
FN:10,(anonymous_1)
FN:14,(anonymous_2)
FNF:3
FNH:2
FNDA:9,(anonymous_0)
FNDA:0,(anonymous_1)
FNDA:13,(anonymous_2)
DA:6,9
DA:7,9
DA:11,0
DA:15,13
DA:29,4
LF:5
LH:4
BRF:0
BRH:0
end_of_record
TN:
SF:/Users/andeladeveloper/Desktop/Projeects/checkpoints/checkpoint1/d0-checkpoint1-newsapp/src/component/SortHeading.jsx
FN:6,(anonymous_0)
FN:14,(anonymous_1)
FN:19,(anonymous_2)
FN:23,(anonymous_3)
FNF:4
FNH:2
FNDA:3,(anonymous_0)
FNDA:0,(anonymous_1)
FNDA:3,(anonymous_2)
FNDA:0,(anonymous_3)
DA:7,3
DA:8,3
DA:15,0
DA:20,3
DA:22,3
DA:23,3
DA:24,0
DA:29,3
DA:42,2
LF:9
LH:7
BRDA:22,0,0,3
BRDA:22,0,1,0
BRF:2
BRH:1
end_of_record
TN:
SF:/Users/andeladeveloper/Desktop/Projeects/checkpoints/checkpoint1/d0-checkpoint1-newsapp/src/component/Sources.jsx
FN:15,(anonymous_0)
FN:31,(anonymous_1)
FN:35,(anonymous_2)
FN:39,(anonymous_3)
FN:43,(anonymous_4)
FN:49,(anonymous_5)
FN:55,(anonymous_6)
FN:59,(anonymous_7)
FN:61,(anonymous_8)
FN:70,(anonymous_9)
FNF:10
FNH:8
FNDA:4,(anonymous_0)
FNDA:4,(anonymous_1)
FNDA:3,(anonymous_2)
FNDA:1,(anonymous_3)
FNDA:4,(anonymous_4)
FNDA:0,(anonymous_5)
FNDA:1,(anonymous_6)
FNDA:9,(anonymous_7)
FNDA:2,(anonymous_8)
FNDA:0,(anonymous_9)
DA:16,4
DA:17,4
DA:24,4
DA:25,4
DA:26,4
DA:27,4
DA:32,4
DA:36,3
DA:40,1
DA:44,4
DA:50,0
DA:56,1
DA:60,9
DA:61,9
DA:62,2
DA:63,0
DA:64,0
DA:65,0
DA:67,0
DA:69,2
DA:70,0
DA:82,9
DA:108,1
LF:23
LH:17
BRDA:26,0,0,4
BRDA:26,0,1,0
BRDA:62,1,0,0
BRDA:62,1,1,2
BRDA:64,2,0,0
BRDA:64,2,1,0
BRDA:96,3,0,1
BRDA:96,3,1,8
BRF:8
BRH:4
end_of_record
TN:
SF:/Users/andeladeveloper/Desktop/Projeects/checkpoints/checkpoint1/d0-checkpoint1-newsapp/src/constants/AppConstants.jsx
FNF:0
FNH:0
LF:0
LH:0
BRF:0
BRH:0
end_of_record
TN:
SF:/Users/andeladeveloper/Desktop/Projeects/checkpoints/checkpoint1/d0-checkpoint1-newsapp/src/stores/AuthStore.jsx
FN:8,setUser
FN:14,removeUser
FN:19,(anonymous_2)
FN:23,(anonymous_3)
FN:27,(anonymous_4)
FN:31,(anonymous_5)
FN:37,(anonymous_6)
FN:44,(anonymous_7)
FN:55,(anonymous_8)
FNF:9
FNH:9
FNDA:1,setUser
FNDA:2,removeUser
FNDA:2,(anonymous_2)
FNDA:1,(anonymous_3)
FNDA:1,(anonymous_4)
FNDA:20,(anonymous_5)
FNDA:16,(anonymous_6)
FNDA:46,(anonymous_7)
FNDA:6,(anonymous_8)
DA:6,8
DA:9,1
DA:10,0
DA:15,2
DA:20,2
DA:24,1
DA:28,1
DA:32,20
DA:33,1
DA:35,19
DA:38,16
DA:39,1
DA:40,1
DA:42,15
DA:45,46
DA:46,4
DA:47,4
DA:49,42
DA:53,8
DA:55,8
DA:56,6
DA:58,0
DA:59,0
DA:60,0
DA:63,1
DA:64,1
DA:65,1
LF:27
LH:23
BRDA:9,0,0,0
BRDA:9,0,1,1
BRDA:32,1,0,1
BRDA:32,1,1,19
BRDA:38,2,0,1
BRDA:38,2,1,15
BRDA:45,3,0,4
BRDA:45,3,1,42
BRDA:56,4,0,0
BRDA:56,4,1,1
BRDA:56,4,2,5
BRF:11
BRH:9
end_of_record
TN:
SF:/Users/andeladeveloper/Desktop/Projeects/checkpoints/checkpoint1/d0-checkpoint1-newsapp/src/stores/NewsStore.jsx
FN:11,setFavorite
FN:23,setSources
FN:27,setFilterSource
FN:33,(anonymous_3)
FN:37,(anonymous_4)
FN:41,(anonymous_5)
FN:45,(anonymous_6)
FN:49,(anonymous_7)
FN:53,(anonymous_8)
FN:65,(anonymous_9)
FNF:10
FNH:10
FNDA:1,setFavorite
FNDA:1,setSources
FNDA:3,setFilterSource
FNDA:6,(anonymous_3)
FNDA:4,(anonymous_4)
FNDA:3,(anonymous_5)
FNDA:5,(anonymous_6)
FNDA:1,(anonymous_7)
FNDA:9,(anonymous_8)
FNDA:5,(anonymous_9)
DA:6,4
DA:8,4
DA:9,4
DA:12,1
DA:13,1
DA:14,0
DA:15,0
DA:17,1
DA:19,1
DA:20,1
DA:24,1
DA:28,3
DA:34,6
DA:38,4
DA:42,3
DA:46,5
DA:50,1
DA:54,9
DA:55,0
DA:57,9
DA:58,9
DA:63,4
DA:65,4
DA:66,5
DA:68,0
DA:69,0
DA:70,0
DA:73,0
DA:74,0
DA:75,0
DA:78,0
DA:79,0
DA:80,0
DA:83,2
DA:84,2
DA:87,3
DA:88,3
DA:89,3
LF:38
LH:26
BRDA:13,0,0,0
BRDA:13,0,1,1
BRDA:54,1,0,0
BRDA:54,1,1,9
BRDA:66,2,0,0
BRDA:66,2,1,0
BRDA:66,2,2,0
BRDA:66,2,3,2
BRDA:66,2,4,3
BRDA:66,2,5,0
BRF:10
BRH:4
end_of_record
TN:
SF:/Users/andeladeveloper/Desktop/Projeects/checkpoints/checkpoint1/d0-checkpoint1-newsapp/src/utils/NewsAPI.jsx
FN:4,(anonymous_0)
FN:5,(anonymous_1)
FN:7,(anonymous_2)
FN:10,(anonymous_3)
FN:17,(anonymous_4)
FN:19,(anonymous_5)
FN:22,(anonymous_6)
FNF:7
FNH:7
FNDA:5,(anonymous_0)
FNDA:5,(anonymous_1)
FNDA:1,(anonymous_2)
FNDA:2,(anonymous_3)
FNDA:6,(anonymous_4)
FNDA:1,(anonymous_5)
FNDA:3,(anonymous_6)
DA:5,5
DA:6,5
DA:8,1
DA:11,2
DA:17,6
DA:18,6
DA:20,1
DA:23,3
LF:8
LH:8
BRDA:11,0,0,2
BRDA:11,0,1,0
BRF:2
BRH:1
end_of_record
TN:
SF:/Users/andeladeveloper/Desktop/Projeects/checkpoints/checkpoint1/d0-checkpoint1-newsapp/test/mock/mock.js
FNF:0
FNH:0
DA:1,7
DA:5,7
DA:11,7
DA:13,7
DA:19,7
DA:28,7
DA:35,7
LF:7
LH:7
BRF:0
BRH:0
end_of_record
TN:
SF:/Users/andeladeveloper/Desktop/Projeects/checkpoints/checkpoint1/d0-checkpoint1-newsapp/test/mock/test_helper.js
FN:1,(anonymous_0)
FN:4,(anonymous_1)
FN:7,(anonymous_2)
FN:10,(anonymous_3)
FN:13,(anonymous_4)
FNF:5
FNH:4
FNDA:11,(anonymous_0)
FNDA:114,(anonymous_1)
FNDA:18,(anonymous_2)
FNDA:0,(anonymous_3)
FNDA:7,(anonymous_4)
DA:1,11
DA:2,11
DA:3,11
DA:5,114
DA:8,18
DA:11,0
DA:14,7
DA:18,11
LF:8
LH:7
BRF:0
BRH:0
end_of_record
