TN:
SF:/Users/andeladeveloper/Desktop/Projeects/checkpoints/checkpoint1/d0-checkpoint1-newsapp/src/AppDispatcher/AppDispatcher.jsx
FNF:0
FNH:0
DA:4,9
LF:1
LH:1
BRF:0
BRH:0
end_of_record
TN:
SF:/Users/andeladeveloper/Desktop/Projeects/checkpoints/checkpoint1/d0-checkpoint1-newsapp/src/actions/AuthActions.jsx
FN:6,(anonymous_0)
FN:14,(anonymous_1)
FNF:2
FNH:2
FNDA:1,(anonymous_0)
FNDA:2,(anonymous_1)
DA:4,6
DA:7,1
DA:11,1
DA:15,2
DA:18,2
LF:5
LH:5
BRF:0
BRH:0
end_of_record
TN:
SF:/Users/andeladeveloper/Desktop/Projeects/checkpoints/checkpoint1/d0-checkpoint1-newsapp/src/actions/NewsActions.jsx
FN:17,(anonymous_0)
FN:23,(anonymous_1)
FN:35,(anonymous_2)
FN:41,(anonymous_3)
FNF:4
FNH:4
FNDA:1,(anonymous_0)
FNDA:2,(anonymous_1)
FNDA:1,(anonymous_2)
FNDA:3,(anonymous_3)
DA:8,1
DA:15,5
DA:18,1
DA:24,2
DA:33,6
DA:36,1
DA:42,3
LF:7
LH:7
BRF:0
BRH:0
end_of_record
TN:
SF:/Users/andeladeveloper/Desktop/Projeects/checkpoints/checkpoint1/d0-checkpoint1-newsapp/src/component/Articles.jsx
FN:30,(anonymous_0)
FN:49,(anonymous_1)
FN:59,(anonymous_2)
FN:69,(anonymous_3)
FN:80,(anonymous_4)
FN:88,(anonymous_5)
FN:99,(anonymous_6)
FN:110,(anonymous_7)
FN:123,(anonymous_8)
FN:125,(anonymous_9)
FN:153,(anonymous_10)
FN:191,(anonymous_11)
FNF:12
FNH:7
FNDA:4,(anonymous_0)
FNDA:4,(anonymous_1)
FNDA:0,(anonymous_2)
FNDA:1,(anonymous_3)
FNDA:1,(anonymous_4)
FNDA:0,(anonymous_5)
FNDA:1,(anonymous_6)
FNDA:0,(anonymous_7)
FNDA:7,(anonymous_8)
FNDA:5,(anonymous_9)
FNDA:0,(anonymous_10)
FNDA:0,(anonymous_11)
DA:15,1
DA:17,1
DA:18,1
DA:31,4
DA:32,4
DA:40,4
DA:41,4
DA:50,4
DA:60,0
DA:70,1
DA:71,1
DA:72,1
DA:81,1
DA:89,0
DA:100,1
DA:111,0
DA:112,0
DA:124,7
DA:125,7
DA:126,5
DA:127,0
DA:128,0
DA:129,0
DA:132,0
DA:134,5
DA:153,0
DA:172,7
DA:191,0
DA:209,1
LF:29
LH:19
BRDA:126,0,0,0
BRDA:126,0,1,5
BRDA:128,1,0,0
BRDA:128,1,1,0
BRDA:195,2,0,1
BRDA:195,2,1,6
BRF:6
BRH:3
end_of_record
TN:
SF:/Users/andeladeveloper/Desktop/Projeects/checkpoints/checkpoint1/d0-checkpoint1-newsapp/src/component/FavoriteNews.jsx
FN:27,(anonymous_0)
FN:42,(anonymous_1)
FN:53,(anonymous_2)
FN:63,(anonymous_3)
FN:87,(anonymous_4)
FN:97,(anonymous_5)
FN:113,(anonymous_6)
FN:122,(anonymous_7)
FN:131,(anonymous_8)
FN:143,(anonymous_9)
FN:147,(anonymous_10)
FN:167,(anonymous_11)
FN:181,(anonymous_12)
FN:186,(anonymous_13)
FN:212,(anonymous_14)
FNF:15
FNH:11
FNDA:6,(anonymous_0)
FNDA:6,(anonymous_1)
FNDA:5,(anonymous_2)
FNDA:1,(anonymous_3)
FNDA:0,(anonymous_4)
FNDA:1,(anonymous_5)
FNDA:1,(anonymous_6)
FNDA:1,(anonymous_7)
FNDA:1,(anonymous_8)
FNDA:7,(anonymous_9)
FNDA:5,(anonymous_10)
FNDA:0,(anonymous_11)
FNDA:0,(anonymous_12)
FNDA:5,(anonymous_13)
FNDA:0,(anonymous_14)
DA:12,1
DA:14,1
DA:15,1
DA:28,6
DA:29,6
DA:34,6
DA:43,6
DA:54,5
DA:55,5
DA:64,1
DA:65,1
DA:66,1
DA:67,1
DA:68,0
DA:69,0
DA:72,1
DA:73,0
DA:74,0
DA:75,0
DA:76,0
DA:88,0
DA:98,1
DA:99,1
DA:100,1
DA:102,0
DA:103,0
DA:114,1
DA:123,1
DA:132,1
DA:144,7
DA:145,7
DA:146,7
DA:147,1
DA:148,5
DA:149,0
DA:150,0
DA:151,0
DA:153,0
DA:155,5
DA:167,0
DA:172,6
DA:175,7
DA:181,0
DA:186,5
DA:212,0
DA:224,1
LF:46
LH:30
BRDA:54,0,0,5
BRDA:54,0,1,0
BRDA:68,1,0,0
BRDA:68,1,1,0
BRDA:72,2,0,0
BRDA:72,2,1,1
BRDA:98,3,0,1
BRDA:98,3,1,0
BRDA:114,4,0,1
BRDA:114,4,1,1
BRDA:146,5,0,1
BRDA:146,5,1,6
BRDA:148,6,0,0
BRDA:148,6,1,5
BRDA:150,7,0,0
BRDA:150,7,1,0
BRDA:193,8,0,7
BRDA:193,8,1,0
BRF:18
BRH:9
end_of_record
TN:
SF:/Users/andeladeveloper/Desktop/Projeects/checkpoints/checkpoint1/d0-checkpoint1-newsapp/src/component/Footer.jsx
FN:4,(anonymous_0)
FNF:1
FNH:1
FNDA:12,(anonymous_0)
DA:4,3
DA:5,12
LF:2
LH:2
BRF:0
BRH:0
end_of_record
TN:
SF:/Users/andeladeveloper/Desktop/Projeects/checkpoints/checkpoint1/d0-checkpoint1-newsapp/src/component/Header.jsx
FN:16,(anonymous_0)
FN:29,(anonymous_1)
FN:38,(anonymous_2)
FN:46,(anonymous_3)
FN:54,(anonymous_4)
FN:65,(anonymous_5)
FN:66,(anonymous_6)
FNF:7
FNH:5
FNDA:13,(anonymous_0)
FNDA:1,(anonymous_1)
FNDA:1,(anonymous_2)
FNDA:1,(anonymous_3)
FNDA:17,(anonymous_4)
FNDA:0,(anonymous_5)
FNDA:0,(anonymous_6)
DA:17,13
DA:18,13
DA:30,1
DA:31,1
DA:39,1
DA:47,1
DA:55,17
DA:65,0
DA:66,0
DA:96,4
LF:10
LH:8
BRF:0
BRH:0
end_of_record
TN:
SF:/Users/andeladeveloper/Desktop/Projeects/checkpoints/checkpoint1/d0-checkpoint1-newsapp/src/component/Loader.jsx
FN:11,(anonymous_0)
FNF:1
FNH:1
FNDA:8,(anonymous_0)
DA:4,3
DA:5,3
DA:11,3
DA:12,8
LF:4
LH:4
BRF:0
BRH:0
end_of_record
TN:
SF:/Users/andeladeveloper/Desktop/Projeects/checkpoints/checkpoint1/d0-checkpoint1-newsapp/src/component/Login.jsx
FN:18,(anonymous_0)
FN:32,(anonymous_1)
FN:43,(anonymous_2)
FN:46,(anonymous_3)
FN:56,(anonymous_4)
FN:65,(anonymous_5)
FNF:6
FNH:3
FNDA:5,(anonymous_0)
FNDA:5,(anonymous_1)
FNDA:0,(anonymous_2)
FNDA:0,(anonymous_3)
FNDA:5,(anonymous_4)
FNDA:0,(anonymous_5)
DA:19,5
DA:20,5
DA:21,5
DA:33,5
DA:34,0
DA:44,0
DA:45,0
DA:46,0
DA:49,0
DA:57,5
DA:65,0
DA:91,1
LF:12
LH:6
BRDA:33,0,0,0
BRDA:33,0,1,5
BRF:2
BRH:1
end_of_record
TN:
SF:/Users/andeladeveloper/Desktop/Projeects/checkpoints/checkpoint1/d0-checkpoint1-newsapp/src/component/NoPageFound.jsx
FN:13,(anonymous_0)
FNF:1
FNH:1
FNDA:1,(anonymous_0)
DA:14,1
LF:1
LH:1
BRF:0
BRH:0
end_of_record
TN:
SF:/Users/andeladeveloper/Desktop/Projeects/checkpoints/checkpoint1/d0-checkpoint1-newsapp/src/component/SearchBar.jsx
FN:14,(anonymous_0)
FN:24,(anonymous_1)
FN:32,(anonymous_2)
FNF:3
FNH:2
FNDA:9,(anonymous_0)
FNDA:0,(anonymous_1)
FNDA:13,(anonymous_2)
DA:15,9
DA:16,9
DA:25,0
DA:33,13
DA:47,4
LF:5
LH:4
BRF:0
BRH:0
end_of_record
TN:
SF:/Users/andeladeveloper/Desktop/Projeects/checkpoints/checkpoint1/d0-checkpoint1-newsapp/src/component/SortHeading.jsx
FN:14,(anonymous_0)
FN:25,(anonymous_1)
FN:28,(anonymous_2)
FNF:3
FNH:3
FNDA:3,(anonymous_0)
FNDA:3,(anonymous_1)
FNDA:6,(anonymous_2)
DA:15,3
DA:16,3
DA:26,3
DA:27,3
DA:28,3
DA:29,6
DA:39,3
DA:52,2
LF:8
LH:8
BRDA:27,0,0,3
BRDA:27,0,1,0
BRF:2
BRH:1
end_of_record
TN:
SF:/Users/andeladeveloper/Desktop/Projeects/checkpoints/checkpoint1/d0-checkpoint1-newsapp/src/component/Sources.jsx
FN:23,(anonymous_0)
FN:44,(anonymous_1)
FN:53,(anonymous_2)
FN:61,(anonymous_3)
FN:69,(anonymous_4)
FN:80,(anonymous_5)
FN:91,(anonymous_6)
FN:100,(anonymous_7)
FN:102,(anonymous_8)
FN:111,(anonymous_9)
FNF:10
FNH:8
FNDA:4,(anonymous_0)
FNDA:4,(anonymous_1)
FNDA:3,(anonymous_2)
FNDA:1,(anonymous_3)
FNDA:4,(anonymous_4)
FNDA:0,(anonymous_5)
FNDA:1,(anonymous_6)
FNDA:9,(anonymous_7)
FNDA:2,(anonymous_8)
FNDA:0,(anonymous_9)
DA:24,4
DA:25,4
DA:32,4
DA:33,4
DA:34,4
DA:35,4
DA:45,4
DA:54,3
DA:62,1
DA:70,4
DA:81,0
DA:92,1
DA:93,1
DA:101,9
DA:102,9
DA:103,2
DA:104,0
DA:105,0
DA:106,0
DA:108,0
DA:110,2
DA:111,0
DA:123,9
DA:152,1
LF:24
LH:18
BRDA:34,0,0,4
BRDA:34,0,1,0
BRDA:103,1,0,0
BRDA:103,1,1,2
BRDA:105,2,0,0
BRDA:105,2,1,0
BRDA:140,3,0,1
BRDA:140,3,1,8
BRF:8
BRH:4
end_of_record
TN:
SF:/Users/andeladeveloper/Desktop/Projeects/checkpoints/checkpoint1/d0-checkpoint1-newsapp/src/constants/AppConstants.jsx
FNF:0
FNH:0
LF:0
LH:0
BRF:0
BRH:0
end_of_record
TN:
SF:/Users/andeladeveloper/Desktop/Projeects/checkpoints/checkpoint1/d0-checkpoint1-newsapp/src/stores/AuthStore.jsx
FN:14,setUser
FN:24,removeUser
FN:38,(anonymous_2)
FN:47,(anonymous_3)
FN:56,(anonymous_4)
FN:64,(anonymous_5)
FN:75,(anonymous_6)
FN:87,(anonymous_7)
FN:100,(anonymous_8)
FNF:9
FNH:9
FNDA:1,setUser
FNDA:2,removeUser
FNDA:2,(anonymous_2)
FNDA:1,(anonymous_3)
FNDA:1,(anonymous_4)
FNDA:20,(anonymous_5)
FNDA:18,(anonymous_6)
FNDA:48,(anonymous_7)
FNDA:6,(anonymous_8)
DA:6,7
DA:15,1
DA:16,0
DA:25,2
DA:39,2
DA:48,1
DA:57,1
DA:65,20
DA:66,1
DA:68,19
DA:76,18
DA:77,1
DA:78,1
DA:80,17
DA:88,48
DA:89,4
DA:90,4
DA:92,44
DA:97,7
DA:100,7
DA:101,6
DA:103,0
DA:104,0
DA:105,0
DA:108,1
DA:109,1
DA:110,1
LF:27
LH:23
BRDA:15,0,0,0
BRDA:15,0,1,1
BRDA:65,1,0,1
BRDA:65,1,1,19
BRDA:76,2,0,1
BRDA:76,2,1,17
BRDA:88,3,0,4
BRDA:88,3,1,44
BRDA:101,4,0,0
BRDA:101,4,1,1
BRDA:101,4,2,5
BRF:11
BRH:9
end_of_record
TN:
SF:/Users/andeladeveloper/Desktop/Projeects/checkpoints/checkpoint1/d0-checkpoint1-newsapp/src/stores/NewsStore.jsx
FN:16,setFavorite
FN:33,setSources
FN:42,setFilterSource
FN:57,(anonymous_3)
FN:66,(anonymous_4)
FN:75,(anonymous_5)
FN:83,(anonymous_6)
FN:91,(anonymous_7)
FN:99,(anonymous_8)
FN:113,(anonymous_9)
FNF:10
FNH:10
FNDA:1,setFavorite
FNDA:1,setSources
FNDA:3,setFilterSource
FNDA:6,(anonymous_3)
FNDA:4,(anonymous_4)
FNDA:3,(anonymous_5)
FNDA:5,(anonymous_6)
FNDA:1,(anonymous_7)
FNDA:9,(anonymous_8)
FNDA:5,(anonymous_9)
DA:6,4
DA:8,4
DA:9,4
DA:17,1
DA:18,1
DA:19,0
DA:20,0
DA:22,1
DA:24,1
DA:25,1
DA:34,1
DA:43,3
DA:58,6
DA:67,4
DA:76,3
DA:84,5
DA:92,1
DA:100,9
DA:101,0
DA:103,9
DA:104,9
DA:110,4
DA:113,4
DA:114,5
DA:116,0
DA:117,0
DA:118,0
DA:121,0
DA:122,0
DA:123,0
DA:126,0
DA:127,0
DA:128,0
DA:131,2
DA:132,2
DA:135,3
DA:136,3
DA:137,3
LF:38
LH:26
BRDA:18,0,0,0
BRDA:18,0,1,1
BRDA:100,1,0,0
BRDA:100,1,1,9
BRDA:114,2,0,0
BRDA:114,2,1,0
BRDA:114,2,2,0
BRDA:114,2,3,2
BRDA:114,2,4,3
BRDA:114,2,5,0
BRF:10
BRH:4
end_of_record
TN:
SF:/Users/andeladeveloper/Desktop/Projeects/checkpoints/checkpoint1/d0-checkpoint1-newsapp/src/utils/NewsAPI.jsx
FN:10,(anonymous_0)
FN:11,(anonymous_1)
FN:13,(anonymous_2)
FN:16,(anonymous_3)
FN:28,(anonymous_4)
FN:30,(anonymous_5)
FN:33,(anonymous_6)
FNF:7
FNH:7
FNDA:5,(anonymous_0)
FNDA:5,(anonymous_1)
FNDA:1,(anonymous_2)
FNDA:2,(anonymous_3)
FNDA:6,(anonymous_4)
FNDA:1,(anonymous_5)
FNDA:3,(anonymous_6)
DA:11,5
DA:12,5
DA:14,1
DA:17,2
DA:28,6
DA:29,6
DA:31,1
DA:34,3
LF:8
LH:8
BRDA:17,0,0,2
BRDA:17,0,1,0
BRF:2
BRH:1
end_of_record
TN:
SF:/Users/andeladeveloper/Desktop/Projeects/checkpoints/checkpoint1/d0-checkpoint1-newsapp/test/mock/mock.js
FNF:0
FNH:0
DA:1,7
DA:5,7
DA:11,7
DA:13,7
DA:19,7
DA:28,7
DA:35,7
LF:7
LH:7
BRF:0
BRH:0
end_of_record
TN:
SF:/Users/andeladeveloper/Desktop/Projeects/checkpoints/checkpoint1/d0-checkpoint1-newsapp/test/mock/test_helper.js
FN:1,(anonymous_0)
FN:4,(anonymous_1)
FN:7,(anonymous_2)
FN:10,(anonymous_3)
FN:13,(anonymous_4)
FNF:5
FNH:4
FNDA:11,(anonymous_0)
FNDA:125,(anonymous_1)
FNDA:19,(anonymous_2)
FNDA:0,(anonymous_3)
FNDA:7,(anonymous_4)
DA:1,11
DA:2,11
DA:3,11
DA:5,125
DA:8,19
DA:11,0
DA:14,7
DA:18,11
LF:8
LH:7
BRF:0
BRH:0
end_of_record
